2020-04-23 16:15:20.078  INFO 15436 --- [main] .b.i.r.c.CsdrReportingServiceApplication : Starting CsdrReportingServiceApplication on PC-106 with PID 15436 (Z:\Workspaces\STS-Reporting\CSDR_Reporting_Service\target\classes started by florian.dickbauer in Z:\Workspaces\STS-Reporting\CSDR_Reporting_Service)
2020-04-23 16:15:20.109 DEBUG 15436 --- [main] .b.i.r.c.CsdrReportingServiceApplication : Running with Spring Boot v2.2.6.RELEASE, Spring v5.2.5.RELEASE
2020-04-23 16:15:20.110  INFO 15436 --- [main] .b.i.r.c.CsdrReportingServiceApplication : No active profile set, falling back to default profiles: default
2020-04-23 16:15:21.623  INFO 15436 --- [main] .s.d.r.c.RepositoryConfigurationDelegate : Bootstrapping Spring Data JPA repositories in DEFAULT mode.
2020-04-23 16:15:21.797  INFO 15436 --- [main] .s.d.r.c.RepositoryConfigurationDelegate : Finished Spring Data repository scanning in 161ms. Found 9 JPA repository interfaces.
2020-04-23 16:15:22.217  INFO 15436 --- [main] com.zaxxer.hikari.HikariDataSource       : HikariPool-1 - Starting...
2020-04-23 16:15:22.381  INFO 15436 --- [main] com.zaxxer.hikari.HikariDataSource       : HikariPool-1 - Start completed.
2020-04-23 16:15:22.469  INFO 15436 --- [main] o.hibernate.jpa.internal.util.LogHelper  : HHH000204: Processing PersistenceUnitInfo [name: default]
2020-04-23 16:15:22.627  INFO 15436 --- [main] org.hibernate.Version                    : HHH000412: Hibernate ORM core version 5.4.12.Final
2020-04-23 16:15:22.934  INFO 15436 --- [main] o.hibernate.annotations.common.Version   : HCANN000001: Hibernate Commons Annotations {5.1.0.Final}
2020-04-23 16:15:23.170  INFO 15436 --- [main] org.hibernate.dialect.Dialect            : HHH000400: Using dialect: org.hibernate.dialect.H2Dialect
2020-04-23 16:15:24.272  INFO 15436 --- [main] o.h.e.t.j.p.i.JtaPlatformInitiator       : HHH000490: Using JtaPlatform implementation: [org.hibernate.engine.transaction.jta.platform.internal.NoJtaPlatform]
2020-04-23 16:15:24.291  INFO 15436 --- [main] j.LocalContainerEntityManagerFactoryBean : Initialized JPA EntityManagerFactory for persistence unit 'default'
2020-04-23 16:15:25.062  INFO 15436 --- [main] .b.i.r.c.CsdrReportingServiceApplication : Started CsdrReportingServiceApplication in 5.826 seconds (JVM running for 6.774)
2020-04-23 16:15:25.066  INFO 15436 --- [main] .b.i.r.c.CsdrReportingServiceApplication : Standard Property Datei --spring.output.ansi.enabled=always gefunden und wird verwendet.
2020-04-23 16:15:25.073 ERROR 15436 --- [main] l.b.i.r.c.s.ExcelToDbLoaderService       : java.io.FileNotFoundException: --spring.output.ansi.enabled=always

java.io.FileNotFoundException: --spring.output.ansi.enabled=always
	at org.apache.poi.ss.usermodel.WorkbookFactory.create(WorkbookFactory.java:317) ~[poi-4.1.2.jar:4.1.2]
	at org.apache.poi.ss.usermodel.WorkbookFactory.create(WorkbookFactory.java:295) ~[poi-4.1.2.jar:4.1.2]
	at org.apache.poi.ss.usermodel.WorkbookFactory.create(WorkbookFactory.java:276) ~[poi-4.1.2.jar:4.1.2]
	at li.bankfrick.informatik.reporting.csdr.services.ExcelToDbLoaderService.load_Properties(ExcelToDbLoaderService.java:154) ~[classes/:na]
	at li.bankfrick.informatik.reporting.csdr.services.ExcelToDbLoaderService.readExcelFiles(ExcelToDbLoaderService.java:138) ~[classes/:na]
	at li.bankfrick.informatik.reporting.csdr.CsdrReportingServiceApplication.main(CsdrReportingServiceApplication.java:36) ~[classes/:na]

2020-04-23 16:15:25.076  INFO 15436 --- [SpringContextShutdownHook] j.LocalContainerEntityManagerFactoryBean : Closing JPA EntityManagerFactory for persistence unit 'default'
2020-04-23 16:15:25.078  INFO 15436 --- [SpringContextShutdownHook] .SchemaDropperImpl$DelayedDropActionImpl : HHH000477: Starting delayed evictData of schema as part of SessionFactory shut-down'
2020-04-23 16:15:25.091  INFO 15436 --- [SpringContextShutdownHook] com.zaxxer.hikari.HikariDataSource       : HikariPool-1 - Shutdown initiated...
2020-04-23 16:15:25.096  INFO 15436 --- [SpringContextShutdownHook] com.zaxxer.hikari.HikariDataSource       : HikariPool-1 - Shutdown completed.
2020-04-23 16:38:34.549  INFO 11832 --- [main] .b.i.r.c.CsdrReportingServiceApplication : Starting CsdrReportingServiceApplication on PC-106 with PID 11832 (Z:\Workspaces\STS-Reporting\CSDR_Reporting_Service\target\classes started by florian.dickbauer in Z:\Workspaces\STS-Reporting\CSDR_Reporting_Service)
2020-04-23 16:38:34.555 DEBUG 11832 --- [main] .b.i.r.c.CsdrReportingServiceApplication : Running with Spring Boot v2.2.6.RELEASE, Spring v5.2.5.RELEASE
2020-04-23 16:38:34.556  INFO 11832 --- [main] .b.i.r.c.CsdrReportingServiceApplication : No active profile set, falling back to default profiles: default
2020-04-23 16:38:35.546  INFO 11832 --- [main] .s.d.r.c.RepositoryConfigurationDelegate : Bootstrapping Spring Data JPA repositories in DEFAULT mode.
2020-04-23 16:38:35.698  INFO 11832 --- [main] .s.d.r.c.RepositoryConfigurationDelegate : Finished Spring Data repository scanning in 140ms. Found 9 JPA repository interfaces.
2020-04-23 16:38:36.077  INFO 11832 --- [main] com.zaxxer.hikari.HikariDataSource       : HikariPool-1 - Starting...
2020-04-23 16:38:36.219  INFO 11832 --- [main] com.zaxxer.hikari.HikariDataSource       : HikariPool-1 - Start completed.
2020-04-23 16:38:36.299  INFO 11832 --- [main] o.hibernate.jpa.internal.util.LogHelper  : HHH000204: Processing PersistenceUnitInfo [name: default]
2020-04-23 16:38:36.417  INFO 11832 --- [main] org.hibernate.Version                    : HHH000412: Hibernate ORM core version 5.4.12.Final
2020-04-23 16:38:36.621  INFO 11832 --- [main] o.hibernate.annotations.common.Version   : HCANN000001: Hibernate Commons Annotations {5.1.0.Final}
2020-04-23 16:38:36.810  INFO 11832 --- [main] org.hibernate.dialect.Dialect            : HHH000400: Using dialect: org.hibernate.dialect.H2Dialect
2020-04-23 16:38:37.784  INFO 11832 --- [main] o.h.e.t.j.p.i.JtaPlatformInitiator       : HHH000490: Using JtaPlatform implementation: [org.hibernate.engine.transaction.jta.platform.internal.NoJtaPlatform]
2020-04-23 16:38:37.797  INFO 11832 --- [main] j.LocalContainerEntityManagerFactoryBean : Initialized JPA EntityManagerFactory for persistence unit 'default'
2020-04-23 16:38:38.582  INFO 11832 --- [main] .b.i.r.c.CsdrReportingServiceApplication : Started CsdrReportingServiceApplication in 4.503 seconds (JVM running for 5.227)
2020-04-23 16:38:38.587  INFO 11832 --- [main] .b.i.r.c.CsdrReportingServiceApplication : Application started with command-line arguments: [--spring.output.ansi.enabled=always]
2020-04-23 16:38:38.588  INFO 11832 --- [main] .b.i.r.c.CsdrReportingServiceApplication : NonOptionArgs: []
2020-04-23 16:38:38.588  INFO 11832 --- [main] .b.i.r.c.CsdrReportingServiceApplication : OptionNames: [spring.output.ansi.enabled]
2020-04-23 16:38:38.589  INFO 11832 --- [main] .b.i.r.c.CsdrReportingServiceApplication : arg-spring.output.ansi.enabled=[always]
2020-04-23 16:38:38.590  INFO 11832 --- [main] .b.i.r.c.CsdrReportingServiceApplication : Contains properties.excel.file: false
2020-04-23 16:38:38.593  INFO 11832 --- [SpringContextShutdownHook] j.LocalContainerEntityManagerFactoryBean : Closing JPA EntityManagerFactory for persistence unit 'default'
2020-04-23 16:38:38.594  INFO 11832 --- [SpringContextShutdownHook] .SchemaDropperImpl$DelayedDropActionImpl : HHH000477: Starting delayed evictData of schema as part of SessionFactory shut-down'
2020-04-23 16:38:38.605  INFO 11832 --- [SpringContextShutdownHook] com.zaxxer.hikari.HikariDataSource       : HikariPool-1 - Shutdown initiated...
2020-04-23 16:38:38.609  INFO 11832 --- [SpringContextShutdownHook] com.zaxxer.hikari.HikariDataSource       : HikariPool-1 - Shutdown completed.
2020-04-23 16:40:03.663  INFO 2096 --- [main] .b.i.r.c.CsdrReportingServiceApplication : Starting CsdrReportingServiceApplication on PC-106 with PID 2096 (Z:\Workspaces\STS-Reporting\CSDR_Reporting_Service\target\classes started by florian.dickbauer in Z:\Workspaces\STS-Reporting\CSDR_Reporting_Service)
2020-04-23 16:40:03.667 DEBUG 2096 --- [main] .b.i.r.c.CsdrReportingServiceApplication : Running with Spring Boot v2.2.6.RELEASE, Spring v5.2.5.RELEASE
2020-04-23 16:40:03.668  INFO 2096 --- [main] .b.i.r.c.CsdrReportingServiceApplication : No active profile set, falling back to default profiles: default
2020-04-23 16:40:04.585  INFO 2096 --- [main] .s.d.r.c.RepositoryConfigurationDelegate : Bootstrapping Spring Data JPA repositories in DEFAULT mode.
2020-04-23 16:40:04.745  INFO 2096 --- [main] .s.d.r.c.RepositoryConfigurationDelegate : Finished Spring Data repository scanning in 147ms. Found 9 JPA repository interfaces.
2020-04-23 16:40:05.268  INFO 2096 --- [main] com.zaxxer.hikari.HikariDataSource       : HikariPool-1 - Starting...
2020-04-23 16:40:05.473  INFO 2096 --- [main] com.zaxxer.hikari.HikariDataSource       : HikariPool-1 - Start completed.
2020-04-23 16:40:05.576  INFO 2096 --- [main] o.hibernate.jpa.internal.util.LogHelper  : HHH000204: Processing PersistenceUnitInfo [name: default]
2020-04-23 16:40:05.702  INFO 2096 --- [main] org.hibernate.Version                    : HHH000412: Hibernate ORM core version 5.4.12.Final
2020-04-23 16:40:05.969  INFO 2096 --- [main] o.hibernate.annotations.common.Version   : HCANN000001: Hibernate Commons Annotations {5.1.0.Final}
2020-04-23 16:40:06.217  INFO 2096 --- [main] org.hibernate.dialect.Dialect            : HHH000400: Using dialect: org.hibernate.dialect.H2Dialect
2020-04-23 16:40:07.314  INFO 2096 --- [main] o.h.e.t.j.p.i.JtaPlatformInitiator       : HHH000490: Using JtaPlatform implementation: [org.hibernate.engine.transaction.jta.platform.internal.NoJtaPlatform]
2020-04-23 16:40:07.326  INFO 2096 --- [main] j.LocalContainerEntityManagerFactoryBean : Initialized JPA EntityManagerFactory for persistence unit 'default'
2020-04-23 16:40:08.108  INFO 2096 --- [main] .b.i.r.c.CsdrReportingServiceApplication : Started CsdrReportingServiceApplication in 4.982 seconds (JVM running for 5.753)
2020-04-23 16:40:08.120  INFO 2096 --- [main] .b.i.r.c.CsdrReportingServiceApplication : Application started with command-line arguments: [--spring.output.ansi.enabled=always, --properties.excel.file=CSDR_Reporting_Properties.xlsx]
2020-04-23 16:40:08.121  INFO 2096 --- [main] .b.i.r.c.CsdrReportingServiceApplication : NonOptionArgs: []
2020-04-23 16:40:08.124  INFO 2096 --- [main] .b.i.r.c.CsdrReportingServiceApplication : OptionNames: [spring.output.ansi.enabled, properties.excel.file]
2020-04-23 16:40:08.125  INFO 2096 --- [main] .b.i.r.c.CsdrReportingServiceApplication : arg-spring.output.ansi.enabled=[always]
2020-04-23 16:40:08.126  INFO 2096 --- [main] .b.i.r.c.CsdrReportingServiceApplication : arg-properties.excel.file=[CSDR_Reporting_Properties.xlsx]
2020-04-23 16:40:08.127  INFO 2096 --- [main] .b.i.r.c.CsdrReportingServiceApplication : Contains properties.excel.file: true
2020-04-23 16:40:08.131  INFO 2096 --- [SpringContextShutdownHook] j.LocalContainerEntityManagerFactoryBean : Closing JPA EntityManagerFactory for persistence unit 'default'
2020-04-23 16:40:08.133  INFO 2096 --- [SpringContextShutdownHook] .SchemaDropperImpl$DelayedDropActionImpl : HHH000477: Starting delayed evictData of schema as part of SessionFactory shut-down'
2020-04-23 16:40:08.145  INFO 2096 --- [SpringContextShutdownHook] com.zaxxer.hikari.HikariDataSource       : HikariPool-1 - Shutdown initiated...
2020-04-23 16:40:08.149  INFO 2096 --- [SpringContextShutdownHook] com.zaxxer.hikari.HikariDataSource       : HikariPool-1 - Shutdown completed.
2020-04-23 16:44:56.172  INFO 15288 --- [main] .b.i.r.c.CsdrReportingServiceApplication : Starting CsdrReportingServiceApplication on PC-106 with PID 15288 (Z:\Workspaces\STS-Reporting\CSDR_Reporting_Service\target\classes started by florian.dickbauer in Z:\Workspaces\STS-Reporting\CSDR_Reporting_Service)
2020-04-23 16:44:56.179 DEBUG 15288 --- [main] .b.i.r.c.CsdrReportingServiceApplication : Running with Spring Boot v2.2.6.RELEASE, Spring v5.2.5.RELEASE
2020-04-23 16:44:56.179  INFO 15288 --- [main] .b.i.r.c.CsdrReportingServiceApplication : No active profile set, falling back to default profiles: default
2020-04-23 16:44:56.962  INFO 15288 --- [main] .s.d.r.c.RepositoryConfigurationDelegate : Bootstrapping Spring Data JPA repositories in DEFAULT mode.
2020-04-23 16:44:57.119  INFO 15288 --- [main] .s.d.r.c.RepositoryConfigurationDelegate : Finished Spring Data repository scanning in 144ms. Found 9 JPA repository interfaces.
2020-04-23 16:44:57.473  INFO 15288 --- [main] com.zaxxer.hikari.HikariDataSource       : HikariPool-1 - Starting...
2020-04-23 16:44:57.636  INFO 15288 --- [main] com.zaxxer.hikari.HikariDataSource       : HikariPool-1 - Start completed.
2020-04-23 16:44:57.717  INFO 15288 --- [main] o.hibernate.jpa.internal.util.LogHelper  : HHH000204: Processing PersistenceUnitInfo [name: default]
2020-04-23 16:44:57.840  INFO 15288 --- [main] org.hibernate.Version                    : HHH000412: Hibernate ORM core version 5.4.12.Final
2020-04-23 16:44:58.053  INFO 15288 --- [main] o.hibernate.annotations.common.Version   : HCANN000001: Hibernate Commons Annotations {5.1.0.Final}
2020-04-23 16:44:58.254  INFO 15288 --- [main] org.hibernate.dialect.Dialect            : HHH000400: Using dialect: org.hibernate.dialect.H2Dialect
2020-04-23 16:44:59.219  INFO 15288 --- [main] o.h.e.t.j.p.i.JtaPlatformInitiator       : HHH000490: Using JtaPlatform implementation: [org.hibernate.engine.transaction.jta.platform.internal.NoJtaPlatform]
2020-04-23 16:44:59.231  INFO 15288 --- [main] j.LocalContainerEntityManagerFactoryBean : Initialized JPA EntityManagerFactory for persistence unit 'default'
2020-04-23 16:44:59.969  INFO 15288 --- [main] .b.i.r.c.CsdrReportingServiceApplication : Started CsdrReportingServiceApplication in 4.219 seconds (JVM running for 4.966)
2020-04-23 16:44:59.974  INFO 15288 --- [main] .b.i.r.c.CsdrReportingServiceApplication : Application started with command-line arguments: [--spring.output.ansi.enabled=always, --properties.excel.file=CSDR_Reporting_Properties.xlsx]
2020-04-23 16:44:59.975  INFO 15288 --- [main] .b.i.r.c.CsdrReportingServiceApplication : NonOptionArgs: []
2020-04-23 16:44:59.977  INFO 15288 --- [main] .b.i.r.c.CsdrReportingServiceApplication : OptionNames: [spring.output.ansi.enabled, properties.excel.file]
2020-04-23 16:44:59.978  INFO 15288 --- [main] .b.i.r.c.CsdrReportingServiceApplication : arg-spring.output.ansi.enabled=[always]
2020-04-23 16:44:59.978  INFO 15288 --- [main] .b.i.r.c.CsdrReportingServiceApplication : arg-properties.excel.file=[CSDR_Reporting_Properties.xlsx]
2020-04-23 16:44:59.978  INFO 15288 --- [main] .b.i.r.c.CsdrReportingServiceApplication : Contains properties.excel.file: true
2020-04-23 16:44:59.980  INFO 15288 --- [main] .b.i.r.c.CsdrReportingServiceApplication : [CSDR_Reporting_Properties.xlsx]
2020-04-23 16:44:59.983  INFO 15288 --- [SpringContextShutdownHook] j.LocalContainerEntityManagerFactoryBean : Closing JPA EntityManagerFactory for persistence unit 'default'
2020-04-23 16:44:59.984  INFO 15288 --- [SpringContextShutdownHook] .SchemaDropperImpl$DelayedDropActionImpl : HHH000477: Starting delayed evictData of schema as part of SessionFactory shut-down'
2020-04-23 16:44:59.995  INFO 15288 --- [SpringContextShutdownHook] com.zaxxer.hikari.HikariDataSource       : HikariPool-1 - Shutdown initiated...
2020-04-23 16:45:00.001  INFO 15288 --- [SpringContextShutdownHook] com.zaxxer.hikari.HikariDataSource       : HikariPool-1 - Shutdown completed.
2020-04-23 16:46:49.154  INFO 15908 --- [main] .b.i.r.c.CsdrReportingServiceApplication : Starting CsdrReportingServiceApplication on PC-106 with PID 15908 (Z:\Workspaces\STS-Reporting\CSDR_Reporting_Service\target\classes started by florian.dickbauer in Z:\Workspaces\STS-Reporting\CSDR_Reporting_Service)
2020-04-23 16:46:49.158 DEBUG 15908 --- [main] .b.i.r.c.CsdrReportingServiceApplication : Running with Spring Boot v2.2.6.RELEASE, Spring v5.2.5.RELEASE
2020-04-23 16:46:49.159  INFO 15908 --- [main] .b.i.r.c.CsdrReportingServiceApplication : No active profile set, falling back to default profiles: default
2020-04-23 16:46:49.942  INFO 15908 --- [main] .s.d.r.c.RepositoryConfigurationDelegate : Bootstrapping Spring Data JPA repositories in DEFAULT mode.
2020-04-23 16:46:50.089  INFO 15908 --- [main] .s.d.r.c.RepositoryConfigurationDelegate : Finished Spring Data repository scanning in 137ms. Found 9 JPA repository interfaces.
2020-04-23 16:46:50.453  INFO 15908 --- [main] com.zaxxer.hikari.HikariDataSource       : HikariPool-1 - Starting...
2020-04-23 16:46:50.589  INFO 15908 --- [main] com.zaxxer.hikari.HikariDataSource       : HikariPool-1 - Start completed.
2020-04-23 16:46:50.670  INFO 15908 --- [main] o.hibernate.jpa.internal.util.LogHelper  : HHH000204: Processing PersistenceUnitInfo [name: default]
2020-04-23 16:46:50.786  INFO 15908 --- [main] org.hibernate.Version                    : HHH000412: Hibernate ORM core version 5.4.12.Final
2020-04-23 16:46:50.995  INFO 15908 --- [main] o.hibernate.annotations.common.Version   : HCANN000001: Hibernate Commons Annotations {5.1.0.Final}
2020-04-23 16:46:51.209  INFO 15908 --- [main] org.hibernate.dialect.Dialect            : HHH000400: Using dialect: org.hibernate.dialect.H2Dialect
2020-04-23 16:46:52.170  INFO 15908 --- [main] o.h.e.t.j.p.i.JtaPlatformInitiator       : HHH000490: Using JtaPlatform implementation: [org.hibernate.engine.transaction.jta.platform.internal.NoJtaPlatform]
2020-04-23 16:46:52.182  INFO 15908 --- [main] j.LocalContainerEntityManagerFactoryBean : Initialized JPA EntityManagerFactory for persistence unit 'default'
2020-04-23 16:46:52.879  INFO 15908 --- [main] .b.i.r.c.CsdrReportingServiceApplication : Started CsdrReportingServiceApplication in 4.194 seconds (JVM running for 4.95)
2020-04-23 16:46:52.885  INFO 15908 --- [main] .b.i.r.c.CsdrReportingServiceApplication : Application started with command-line arguments: [--spring.output.ansi.enabled=always, --properties.excel.file=CSDR_Reporting_Properties.xlsx]
2020-04-23 16:46:52.885  INFO 15908 --- [main] .b.i.r.c.CsdrReportingServiceApplication : NonOptionArgs: []
2020-04-23 16:46:52.888  INFO 15908 --- [main] .b.i.r.c.CsdrReportingServiceApplication : OptionNames: [spring.output.ansi.enabled, properties.excel.file]
2020-04-23 16:46:52.889  INFO 15908 --- [main] .b.i.r.c.CsdrReportingServiceApplication : arg-spring.output.ansi.enabled=[always]
2020-04-23 16:46:52.889  INFO 15908 --- [main] .b.i.r.c.CsdrReportingServiceApplication : arg-properties.excel.file=[CSDR_Reporting_Properties.xlsx]
2020-04-23 16:46:52.890  INFO 15908 --- [main] .b.i.r.c.CsdrReportingServiceApplication : Contains properties.excel.file: true
2020-04-23 16:46:52.891  INFO 15908 --- [main] .b.i.r.c.CsdrReportingServiceApplication : CSDR_Reporting_Properties.xlsx
2020-04-23 16:46:52.894  INFO 15908 --- [SpringContextShutdownHook] j.LocalContainerEntityManagerFactoryBean : Closing JPA EntityManagerFactory for persistence unit 'default'
2020-04-23 16:46:52.895  INFO 15908 --- [SpringContextShutdownHook] .SchemaDropperImpl$DelayedDropActionImpl : HHH000477: Starting delayed evictData of schema as part of SessionFactory shut-down'
2020-04-23 16:46:52.907  INFO 15908 --- [SpringContextShutdownHook] com.zaxxer.hikari.HikariDataSource       : HikariPool-1 - Shutdown initiated...
2020-04-23 16:46:52.911  INFO 15908 --- [SpringContextShutdownHook] com.zaxxer.hikari.HikariDataSource       : HikariPool-1 - Shutdown completed.
2020-04-23 17:09:57.296  INFO 17064 --- [main] .b.i.r.c.CsdrReportingServiceApplication : Starting CsdrReportingServiceApplication on PC-106 with PID 17064 (Z:\Workspaces\STS-Reporting\CSDR_Reporting_Service\target\classes started by florian.dickbauer in Z:\Workspaces\STS-Reporting\CSDR_Reporting_Service)
2020-04-23 17:09:57.300 DEBUG 17064 --- [main] .b.i.r.c.CsdrReportingServiceApplication : Running with Spring Boot v2.2.6.RELEASE, Spring v5.2.5.RELEASE
2020-04-23 17:09:57.301  INFO 17064 --- [main] .b.i.r.c.CsdrReportingServiceApplication : No active profile set, falling back to default profiles: default
2020-04-23 17:09:58.190  INFO 17064 --- [main] .s.d.r.c.RepositoryConfigurationDelegate : Bootstrapping Spring Data JPA repositories in DEFAULT mode.
2020-04-23 17:09:58.337  INFO 17064 --- [main] .s.d.r.c.RepositoryConfigurationDelegate : Finished Spring Data repository scanning in 136ms. Found 9 JPA repository interfaces.
2020-04-23 17:09:58.694  INFO 17064 --- [main] com.zaxxer.hikari.HikariDataSource       : HikariPool-1 - Starting...
2020-04-23 17:09:58.839  INFO 17064 --- [main] com.zaxxer.hikari.HikariDataSource       : HikariPool-1 - Start completed.
2020-04-23 17:09:58.922  INFO 17064 --- [main] o.hibernate.jpa.internal.util.LogHelper  : HHH000204: Processing PersistenceUnitInfo [name: default]
2020-04-23 17:09:59.037  INFO 17064 --- [main] org.hibernate.Version                    : HHH000412: Hibernate ORM core version 5.4.12.Final
2020-04-23 17:09:59.268  INFO 17064 --- [main] o.hibernate.annotations.common.Version   : HCANN000001: Hibernate Commons Annotations {5.1.0.Final}
2020-04-23 17:09:59.455  INFO 17064 --- [main] org.hibernate.dialect.Dialect            : HHH000400: Using dialect: org.hibernate.dialect.H2Dialect
2020-04-23 17:10:00.405  INFO 17064 --- [main] o.h.e.t.j.p.i.JtaPlatformInitiator       : HHH000490: Using JtaPlatform implementation: [org.hibernate.engine.transaction.jta.platform.internal.NoJtaPlatform]
2020-04-23 17:10:00.419  INFO 17064 --- [main] j.LocalContainerEntityManagerFactoryBean : Initialized JPA EntityManagerFactory for persistence unit 'default'
2020-04-23 17:10:01.160  INFO 17064 --- [main] .b.i.r.c.CsdrReportingServiceApplication : Started CsdrReportingServiceApplication in 4.338 seconds (JVM running for 5.123)
2020-04-23 17:10:01.168  INFO 17064 --- [main] .b.i.r.c.CsdrReportingServiceApplication : Application started with command-line arguments: [--spring.output.ansi.enabled=always, --properties.excel.file=CSDR_Reporting_Properties.xlsx]
2020-04-23 17:10:01.168  INFO 17064 --- [main] .b.i.r.c.CsdrReportingServiceApplication : NonOptionArgs: []
2020-04-23 17:10:01.170  INFO 17064 --- [main] .b.i.r.c.CsdrReportingServiceApplication : OptionNames: [spring.output.ansi.enabled, properties.excel.file]
2020-04-23 17:10:01.171  INFO 17064 --- [main] .b.i.r.c.CsdrReportingServiceApplication : arg-spring.output.ansi.enabled=[always]
2020-04-23 17:10:01.172  INFO 17064 --- [main] .b.i.r.c.CsdrReportingServiceApplication : arg-properties.excel.file=[CSDR_Reporting_Properties.xlsx]
2020-04-23 17:10:01.172  INFO 17064 --- [main] .b.i.r.c.CsdrReportingServiceApplication : Contains properties.excel.file: true
2020-04-23 17:10:01.173 ERROR 17064 --- [main] .b.i.r.c.CsdrReportingServiceApplication : Die angegebene Property-Datei CSDR_Reporting_Properties.xlsx konnte nicht gefunden werden.
2020-04-23 17:10:01.176  INFO 17064 --- [SpringContextShutdownHook] j.LocalContainerEntityManagerFactoryBean : Closing JPA EntityManagerFactory for persistence unit 'default'
2020-04-23 17:10:01.177  INFO 17064 --- [SpringContextShutdownHook] .SchemaDropperImpl$DelayedDropActionImpl : HHH000477: Starting delayed evictData of schema as part of SessionFactory shut-down'
2020-04-23 17:10:01.191  INFO 17064 --- [SpringContextShutdownHook] com.zaxxer.hikari.HikariDataSource       : HikariPool-1 - Shutdown initiated...
2020-04-23 17:10:01.199  INFO 17064 --- [SpringContextShutdownHook] com.zaxxer.hikari.HikariDataSource       : HikariPool-1 - Shutdown completed.
2020-04-23 17:10:29.704  INFO 15776 --- [main] .b.i.r.c.CsdrReportingServiceApplication : Starting CsdrReportingServiceApplication on PC-106 with PID 15776 (Z:\Workspaces\STS-Reporting\CSDR_Reporting_Service\target\classes started by florian.dickbauer in Z:\Workspaces\STS-Reporting\CSDR_Reporting_Service)
2020-04-23 17:10:29.708 DEBUG 15776 --- [main] .b.i.r.c.CsdrReportingServiceApplication : Running with Spring Boot v2.2.6.RELEASE, Spring v5.2.5.RELEASE
2020-04-23 17:10:29.709  INFO 15776 --- [main] .b.i.r.c.CsdrReportingServiceApplication : No active profile set, falling back to default profiles: default
2020-04-23 17:10:30.494  INFO 15776 --- [main] .s.d.r.c.RepositoryConfigurationDelegate : Bootstrapping Spring Data JPA repositories in DEFAULT mode.
2020-04-23 17:10:30.648  INFO 15776 --- [main] .s.d.r.c.RepositoryConfigurationDelegate : Finished Spring Data repository scanning in 143ms. Found 9 JPA repository interfaces.
2020-04-23 17:10:31.009  INFO 15776 --- [main] com.zaxxer.hikari.HikariDataSource       : HikariPool-1 - Starting...
2020-04-23 17:10:31.164  INFO 15776 --- [main] com.zaxxer.hikari.HikariDataSource       : HikariPool-1 - Start completed.
2020-04-23 17:10:31.286  INFO 15776 --- [main] o.hibernate.jpa.internal.util.LogHelper  : HHH000204: Processing PersistenceUnitInfo [name: default]
2020-04-23 17:10:31.424  INFO 15776 --- [main] org.hibernate.Version                    : HHH000412: Hibernate ORM core version 5.4.12.Final
2020-04-23 17:10:31.728  INFO 15776 --- [main] o.hibernate.annotations.common.Version   : HCANN000001: Hibernate Commons Annotations {5.1.0.Final}
2020-04-23 17:10:31.968  INFO 15776 --- [main] org.hibernate.dialect.Dialect            : HHH000400: Using dialect: org.hibernate.dialect.H2Dialect
2020-04-23 17:10:33.235  INFO 15776 --- [main] o.h.e.t.j.p.i.JtaPlatformInitiator       : HHH000490: Using JtaPlatform implementation: [org.hibernate.engine.transaction.jta.platform.internal.NoJtaPlatform]
2020-04-23 17:10:33.248  INFO 15776 --- [main] j.LocalContainerEntityManagerFactoryBean : Initialized JPA EntityManagerFactory for persistence unit 'default'
2020-04-23 17:10:33.952  INFO 15776 --- [main] .b.i.r.c.CsdrReportingServiceApplication : Started CsdrReportingServiceApplication in 4.753 seconds (JVM running for 5.508)
2020-04-23 17:10:33.958  INFO 15776 --- [main] .b.i.r.c.CsdrReportingServiceApplication : Application started with command-line arguments: [--spring.output.ansi.enabled=always]
2020-04-23 17:10:33.958  INFO 15776 --- [main] .b.i.r.c.CsdrReportingServiceApplication : NonOptionArgs: []
2020-04-23 17:10:33.961  INFO 15776 --- [main] .b.i.r.c.CsdrReportingServiceApplication : OptionNames: [spring.output.ansi.enabled]
2020-04-23 17:10:33.962  INFO 15776 --- [main] .b.i.r.c.CsdrReportingServiceApplication : arg-spring.output.ansi.enabled=[always]
2020-04-23 17:10:33.963  INFO 15776 --- [main] .b.i.r.c.CsdrReportingServiceApplication : Contains properties.excel.file: false
2020-04-23 17:10:33.963  WARN 15776 --- [main] .b.i.r.c.CsdrReportingServiceApplication : Es wurde keine Property-Datei angegeben, versuche die Standard Datei CSDR_Reporting_Properties.xlsx zu laden.
2020-04-23 17:10:33.964 ERROR 15776 --- [main] .b.i.r.c.CsdrReportingServiceApplication : Die Standard-Property-Datei CSDR_Reporting_Properties.xlsx konnte nicht gefunden werden.
2020-04-23 17:10:33.967  INFO 15776 --- [SpringContextShutdownHook] j.LocalContainerEntityManagerFactoryBean : Closing JPA EntityManagerFactory for persistence unit 'default'
2020-04-23 17:10:33.968  INFO 15776 --- [SpringContextShutdownHook] .SchemaDropperImpl$DelayedDropActionImpl : HHH000477: Starting delayed evictData of schema as part of SessionFactory shut-down'
2020-04-23 17:10:33.979  INFO 15776 --- [SpringContextShutdownHook] com.zaxxer.hikari.HikariDataSource       : HikariPool-1 - Shutdown initiated...
2020-04-23 17:10:33.984  INFO 15776 --- [SpringContextShutdownHook] com.zaxxer.hikari.HikariDataSource       : HikariPool-1 - Shutdown completed.
2020-04-23 17:11:17.061  INFO 9460 --- [main] .b.i.r.c.CsdrReportingServiceApplication : Starting CsdrReportingServiceApplication on PC-106 with PID 9460 (Z:\Workspaces\STS-Reporting\CSDR_Reporting_Service\target\classes started by florian.dickbauer in Z:\Workspaces\STS-Reporting\CSDR_Reporting_Service)
2020-04-23 17:11:17.072 DEBUG 9460 --- [main] .b.i.r.c.CsdrReportingServiceApplication : Running with Spring Boot v2.2.6.RELEASE, Spring v5.2.5.RELEASE
2020-04-23 17:11:17.075  INFO 9460 --- [main] .b.i.r.c.CsdrReportingServiceApplication : No active profile set, falling back to default profiles: default
2020-04-23 17:11:17.906  INFO 9460 --- [main] .s.d.r.c.RepositoryConfigurationDelegate : Bootstrapping Spring Data JPA repositories in DEFAULT mode.
2020-04-23 17:11:18.076  INFO 9460 --- [main] .s.d.r.c.RepositoryConfigurationDelegate : Finished Spring Data repository scanning in 155ms. Found 9 JPA repository interfaces.
2020-04-23 17:11:18.514  INFO 9460 --- [main] com.zaxxer.hikari.HikariDataSource       : HikariPool-1 - Starting...
2020-04-23 17:11:18.692  INFO 9460 --- [main] com.zaxxer.hikari.HikariDataSource       : HikariPool-1 - Start completed.
2020-04-23 17:11:18.790  INFO 9460 --- [main] o.hibernate.jpa.internal.util.LogHelper  : HHH000204: Processing PersistenceUnitInfo [name: default]
2020-04-23 17:11:18.944  INFO 9460 --- [main] org.hibernate.Version                    : HHH000412: Hibernate ORM core version 5.4.12.Final
2020-04-23 17:11:19.241  INFO 9460 --- [main] o.hibernate.annotations.common.Version   : HCANN000001: Hibernate Commons Annotations {5.1.0.Final}
2020-04-23 17:11:19.474  INFO 9460 --- [main] org.hibernate.dialect.Dialect            : HHH000400: Using dialect: org.hibernate.dialect.H2Dialect
2020-04-23 17:11:20.501  INFO 9460 --- [main] o.h.e.t.j.p.i.JtaPlatformInitiator       : HHH000490: Using JtaPlatform implementation: [org.hibernate.engine.transaction.jta.platform.internal.NoJtaPlatform]
2020-04-23 17:11:20.515  INFO 9460 --- [main] j.LocalContainerEntityManagerFactoryBean : Initialized JPA EntityManagerFactory for persistence unit 'default'
2020-04-23 17:11:21.350  INFO 9460 --- [main] .b.i.r.c.CsdrReportingServiceApplication : Started CsdrReportingServiceApplication in 4.766 seconds (JVM running for 5.522)
2020-04-23 17:11:21.357  INFO 9460 --- [main] .b.i.r.c.CsdrReportingServiceApplication : Application started with command-line arguments: [--spring.output.ansi.enabled=always, --properties.excel.file=C:/TEMP/CSDR/CSDR_Reporting_Properties.xlsx]
2020-04-23 17:11:21.359  INFO 9460 --- [main] .b.i.r.c.CsdrReportingServiceApplication : NonOptionArgs: []
2020-04-23 17:11:21.360  INFO 9460 --- [main] .b.i.r.c.CsdrReportingServiceApplication : OptionNames: [spring.output.ansi.enabled, properties.excel.file]
2020-04-23 17:11:21.361  INFO 9460 --- [main] .b.i.r.c.CsdrReportingServiceApplication : arg-spring.output.ansi.enabled=[always]
2020-04-23 17:11:21.362  INFO 9460 --- [main] .b.i.r.c.CsdrReportingServiceApplication : arg-properties.excel.file=[C:/TEMP/CSDR/CSDR_Reporting_Properties.xlsx]
2020-04-23 17:11:21.362  INFO 9460 --- [main] .b.i.r.c.CsdrReportingServiceApplication : Contains properties.excel.file: true
2020-04-23 17:11:21.363  INFO 9460 --- [main] .b.i.r.c.CsdrReportingServiceApplication : Property-Datei CSDR_Reporting_Properties.xlsx gefunden und wird verwendet.
2020-04-23 17:11:21.394 ERROR 9460 --- [main] l.b.i.r.c.s.ExcelToDbLoaderService       : java.io.FileNotFoundException: C:\TEMP\CSDR\CSDR_Reporting_Properties.xlsx (Der Prozess kann nicht auf die Datei zugreifen, da sie von einem anderen Prozess verwendet wird)

java.io.FileNotFoundException: C:\TEMP\CSDR\CSDR_Reporting_Properties.xlsx (Der Prozess kann nicht auf die Datei zugreifen, da sie von einem anderen Prozess verwendet wird)
	at java.base/java.io.RandomAccessFile.open0(Native Method) ~[na:na]
	at java.base/java.io.RandomAccessFile.open(RandomAccessFile.java:345) ~[na:na]
	at java.base/java.io.RandomAccessFile.<init>(RandomAccessFile.java:259) ~[na:na]
	at java.base/java.io.RandomAccessFile.<init>(RandomAccessFile.java:214) ~[na:na]
	at org.apache.poi.poifs.nio.FileBackedDataSource.newSrcFile(FileBackedDataSource.java:158) ~[poi-4.1.2.jar:4.1.2]
	at org.apache.poi.poifs.nio.FileBackedDataSource.<init>(FileBackedDataSource.java:60) ~[poi-4.1.2.jar:4.1.2]
	at org.apache.poi.poifs.filesystem.POIFSFileSystem.<init>(POIFSFileSystem.java:217) ~[poi-4.1.2.jar:4.1.2]
	at org.apache.poi.poifs.filesystem.POIFSFileSystem.<init>(POIFSFileSystem.java:170) ~[poi-4.1.2.jar:4.1.2]
	at org.apache.poi.ss.usermodel.WorkbookFactory.create(WorkbookFactory.java:322) ~[poi-4.1.2.jar:4.1.2]
	at org.apache.poi.ss.usermodel.WorkbookFactory.create(WorkbookFactory.java:295) ~[poi-4.1.2.jar:4.1.2]
	at org.apache.poi.ss.usermodel.WorkbookFactory.create(WorkbookFactory.java:276) ~[poi-4.1.2.jar:4.1.2]
	at li.bankfrick.informatik.reporting.csdr.services.ExcelToDbLoaderService.load_Properties(ExcelToDbLoaderService.java:154) ~[classes/:na]
	at li.bankfrick.informatik.reporting.csdr.services.ExcelToDbLoaderService.readExcelFiles(ExcelToDbLoaderService.java:138) ~[classes/:na]
	at li.bankfrick.informatik.reporting.csdr.CsdrReportingServiceApplication.run(CsdrReportingServiceApplication.java:59) ~[classes/:na]
	at org.springframework.boot.SpringApplication.callRunner(SpringApplication.java:775) ~[spring-boot-2.2.6.RELEASE.jar:2.2.6.RELEASE]
	at org.springframework.boot.SpringApplication.callRunners(SpringApplication.java:765) ~[spring-boot-2.2.6.RELEASE.jar:2.2.6.RELEASE]
	at org.springframework.boot.SpringApplication.run(SpringApplication.java:322) ~[spring-boot-2.2.6.RELEASE.jar:2.2.6.RELEASE]
	at org.springframework.boot.SpringApplication.run(SpringApplication.java:1226) ~[spring-boot-2.2.6.RELEASE.jar:2.2.6.RELEASE]
	at org.springframework.boot.SpringApplication.run(SpringApplication.java:1215) ~[spring-boot-2.2.6.RELEASE.jar:2.2.6.RELEASE]
	at li.bankfrick.informatik.reporting.csdr.CsdrReportingServiceApplication.main(CsdrReportingServiceApplication.java:24) ~[classes/:na]

2020-04-23 17:11:21.397  INFO 9460 --- [SpringContextShutdownHook] j.LocalContainerEntityManagerFactoryBean : Closing JPA EntityManagerFactory for persistence unit 'default'
2020-04-23 17:11:21.399  INFO 9460 --- [SpringContextShutdownHook] .SchemaDropperImpl$DelayedDropActionImpl : HHH000477: Starting delayed evictData of schema as part of SessionFactory shut-down'
2020-04-23 17:11:21.412  INFO 9460 --- [SpringContextShutdownHook] com.zaxxer.hikari.HikariDataSource       : HikariPool-1 - Shutdown initiated...
2020-04-23 17:11:21.416  INFO 9460 --- [SpringContextShutdownHook] com.zaxxer.hikari.HikariDataSource       : HikariPool-1 - Shutdown completed.
2020-04-23 17:11:41.549  INFO 11508 --- [main] .b.i.r.c.CsdrReportingServiceApplication : Starting CsdrReportingServiceApplication on PC-106 with PID 11508 (Z:\Workspaces\STS-Reporting\CSDR_Reporting_Service\target\classes started by florian.dickbauer in Z:\Workspaces\STS-Reporting\CSDR_Reporting_Service)
2020-04-23 17:11:41.554 DEBUG 11508 --- [main] .b.i.r.c.CsdrReportingServiceApplication : Running with Spring Boot v2.2.6.RELEASE, Spring v5.2.5.RELEASE
2020-04-23 17:11:41.554  INFO 11508 --- [main] .b.i.r.c.CsdrReportingServiceApplication : No active profile set, falling back to default profiles: default
2020-04-23 17:11:42.393  INFO 11508 --- [main] .s.d.r.c.RepositoryConfigurationDelegate : Bootstrapping Spring Data JPA repositories in DEFAULT mode.
2020-04-23 17:11:42.565  INFO 11508 --- [main] .s.d.r.c.RepositoryConfigurationDelegate : Finished Spring Data repository scanning in 156ms. Found 9 JPA repository interfaces.
2020-04-23 17:11:42.978  INFO 11508 --- [main] com.zaxxer.hikari.HikariDataSource       : HikariPool-1 - Starting...
2020-04-23 17:11:43.134  INFO 11508 --- [main] com.zaxxer.hikari.HikariDataSource       : HikariPool-1 - Start completed.
2020-04-23 17:11:43.211  INFO 11508 --- [main] o.hibernate.jpa.internal.util.LogHelper  : HHH000204: Processing PersistenceUnitInfo [name: default]
2020-04-23 17:11:43.347  INFO 11508 --- [main] org.hibernate.Version                    : HHH000412: Hibernate ORM core version 5.4.12.Final
2020-04-23 17:11:43.594  INFO 11508 --- [main] o.hibernate.annotations.common.Version   : HCANN000001: Hibernate Commons Annotations {5.1.0.Final}
2020-04-23 17:11:43.816  INFO 11508 --- [main] org.hibernate.dialect.Dialect            : HHH000400: Using dialect: org.hibernate.dialect.H2Dialect
2020-04-23 17:11:44.958  INFO 11508 --- [main] o.h.e.t.j.p.i.JtaPlatformInitiator       : HHH000490: Using JtaPlatform implementation: [org.hibernate.engine.transaction.jta.platform.internal.NoJtaPlatform]
2020-04-23 17:11:44.971  INFO 11508 --- [main] j.LocalContainerEntityManagerFactoryBean : Initialized JPA EntityManagerFactory for persistence unit 'default'
2020-04-23 17:11:45.788  INFO 11508 --- [main] .b.i.r.c.CsdrReportingServiceApplication : Started CsdrReportingServiceApplication in 4.754 seconds (JVM running for 5.502)
2020-04-23 17:11:45.795  INFO 11508 --- [main] .b.i.r.c.CsdrReportingServiceApplication : Application started with command-line arguments: [--spring.output.ansi.enabled=always, --properties.excel.file=C:/TEMP/CSDR/CSDR_Reporting_Properties.xlsx]
2020-04-23 17:11:45.797  INFO 11508 --- [main] .b.i.r.c.CsdrReportingServiceApplication : NonOptionArgs: []
2020-04-23 17:11:45.798  INFO 11508 --- [main] .b.i.r.c.CsdrReportingServiceApplication : OptionNames: [spring.output.ansi.enabled, properties.excel.file]
2020-04-23 17:11:45.800  INFO 11508 --- [main] .b.i.r.c.CsdrReportingServiceApplication : arg-spring.output.ansi.enabled=[always]
2020-04-23 17:11:45.800  INFO 11508 --- [main] .b.i.r.c.CsdrReportingServiceApplication : arg-properties.excel.file=[C:/TEMP/CSDR/CSDR_Reporting_Properties.xlsx]
2020-04-23 17:11:45.800  INFO 11508 --- [main] .b.i.r.c.CsdrReportingServiceApplication : Contains properties.excel.file: true
2020-04-23 17:11:45.802  INFO 11508 --- [main] .b.i.r.c.CsdrReportingServiceApplication : Property-Datei CSDR_Reporting_Properties.xlsx gefunden und wird verwendet.
2020-04-23 17:11:46.602 DEBUG 11508 --- [main] l.b.i.r.c.s.ExcelToDbLoaderService       : Anzahl Properties in DB: 26
2020-04-23 17:11:46.848 DEBUG 11508 --- [main] l.b.i.r.c.s.ExcelToDbLoaderService       : Anzahl 1.1 Detail Datensätze in DB: 75
2020-04-23 17:11:47.017 DEBUG 11508 --- [main] l.b.i.r.c.s.ExcelToDbLoaderService       : Anzahl 1.2 Detail Datensätze in DB: 69
2020-04-23 17:11:47.105 DEBUG 11508 --- [main] l.b.i.r.c.s.ExcelToDbLoaderService       : Anzahl 1.1 ZF Datensätze in DB: 5
2020-04-23 17:11:47.233 DEBUG 11508 --- [main] l.b.i.r.c.s.ExcelToDbLoaderService       : Anzahl 1.3 ZF Datensätze in DB: 5
2020-04-23 17:11:47.410 DEBUG 11508 --- [main] l.b.i.r.c.s.ExcelToDbLoaderService       : Anzahl 1.4 ZF Datensätze vom Typ Prfssnl in DB: 3
2020-04-23 17:11:47.481 DEBUG 11508 --- [main] l.b.i.r.c.s.ExcelToDbLoaderService       : Anzahl 1.4 ZF Datensätze vom Typ Rtl in DB: 4
2020-04-23 17:11:47.595 DEBUG 11508 --- [main] l.b.i.r.c.s.ExcelToDbLoaderService       : Anzahl 1.5 ZF Datensätze in DB: 4
2020-04-23 17:11:47.626 DEBUG 11508 --- [main] l.b.i.r.c.e.xml.dtos.auth072_Document    : auth072 : Document generieren.
2020-04-23 17:11:47.628 DEBUG 11508 --- [main] l.b.i.r.c.e.xml.dtos.auth072_Document    : auth072 : Document->SttlmIntlrRpt generieren.
2020-04-23 17:11:47.634 DEBUG 11508 --- [main] l.b.i.r.c.e.xml.dtos.auth072_Document    : auth072 : Document->SttlmIntlrRpt->RptHdr generieren.
2020-04-23 17:11:47.640 DEBUG 11508 --- [main] l.b.i.r.c.e.xml.dtos.auth072_Document    : auth072 : Document->SttlmIntlrRpt->RptHdr generiert.
2020-04-23 17:11:47.640 DEBUG 11508 --- [main] l.b.i.r.c.e.xml.dtos.auth072_SttlmIntlr  : auth072 : Document->SttlmIntlrRpt->SttlmIntlr generieren.
2020-04-23 17:11:47.641 DEBUG 11508 --- [main] l.b.i.r.c.e.xml.dtos.auth072_SttlmIntlr  : auth072 : Document->SttlmIntlrRpt->SttlmIntlr->Id generieren.
2020-04-23 17:11:47.646 DEBUG 11508 --- [main] l.b.i.r.c.e.xml.dtos.auth072_SttlmIntlr  : auth072 : Document->SttlmIntlrRpt->SttlmIntlr->Id generiert.
2020-04-23 17:11:47.650 DEBUG 11508 --- [main] l.b.i.r.c.e.xml.dtos.auth072_SttlmIntlr  : auth072 : Document->SttlmIntlrRpt->SttlmIntlr->OvrllTtl generieren.
2020-04-23 17:11:47.673 DEBUG 11508 --- [main] l.b.i.r.c.e.xml.dtos.auth072_SttlmIntlr  : auth072 : Document->SttlmIntlrRpt->SttlmIntlr->OvrllTtl generiert.
2020-04-23 17:11:47.674 DEBUG 11508 --- [main] l.b.i.r.c.e.xml.dtos.auth072_SttlmIntlr  : auth072 : Document->SttlmIntlrRpt->SttlmIntlr->FinInstrm generieren.
2020-04-23 17:11:47.677 DEBUG 11508 --- [main] l.b.i.r.c.e.xml.dtos.auth072_SttlmIntlr  : auth072 : Document->SttlmIntlrRpt->SttlmIntlr->FinInstrm->Eqty generieren.
2020-04-23 17:11:47.689 DEBUG 11508 --- [main] l.b.i.r.c.e.xml.dtos.auth072_SttlmIntlr  : auth072 : Document->SttlmIntlrRpt->SttlmIntlr->FinInstrm->Eqty generiert.
2020-04-23 17:11:47.690 DEBUG 11508 --- [main] l.b.i.r.c.e.xml.dtos.auth072_SttlmIntlr  : auth072 : Document->SttlmIntlrRpt->SttlmIntlr->FinInstrm->SvrgnDebt generieren.
2020-04-23 17:11:47.690 DEBUG 11508 --- [main] l.b.i.r.c.e.xml.dtos.auth072_SttlmIntlr  : auth072 : Document->SttlmIntlrRpt->SttlmIntlr->FinInstrm->SvrgnDebt generiert.
2020-04-23 17:11:47.691 DEBUG 11508 --- [main] l.b.i.r.c.e.xml.dtos.auth072_SttlmIntlr  : auth072 : Document->SttlmIntlrRpt->SttlmIntlr->FinInstrm->Bd generieren.
2020-04-23 17:11:47.695 DEBUG 11508 --- [main] l.b.i.r.c.e.xml.dtos.auth072_SttlmIntlr  : auth072 : Document->SttlmIntlrRpt->SttlmIntlr->FinInstrm->Bd generiert.
2020-04-23 17:11:47.696 DEBUG 11508 --- [main] l.b.i.r.c.e.xml.dtos.auth072_SttlmIntlr  : auth072 : Document->SttlmIntlrRpt->SttlmIntlr->FinInstrm->OthrTrfblScties generieren.
2020-04-23 17:11:47.697 DEBUG 11508 --- [main] l.b.i.r.c.e.xml.dtos.auth072_SttlmIntlr  : auth072 : Document->SttlmIntlrRpt->SttlmIntlr->FinInstrm->OthrTrfblScties generiert.
2020-04-23 17:11:47.698 DEBUG 11508 --- [main] l.b.i.r.c.e.xml.dtos.auth072_SttlmIntlr  : auth072 : Document->SttlmIntlrRpt->SttlmIntlr->FinInstrm->XchgTradgFnds generieren.
2020-04-23 17:11:47.699 DEBUG 11508 --- [main] l.b.i.r.c.e.xml.dtos.auth072_SttlmIntlr  : auth072 : Document->SttlmIntlrRpt->SttlmIntlr->FinInstrm->XchgTradgFnds generiert.
2020-04-23 17:11:47.700 DEBUG 11508 --- [main] l.b.i.r.c.e.xml.dtos.auth072_SttlmIntlr  : auth072 : Document->SttlmIntlrRpt->SttlmIntlr->FinInstrm->CllctvInvstmtUdrtkgs generieren.
2020-04-23 17:11:47.702 DEBUG 11508 --- [main] l.b.i.r.c.e.xml.dtos.auth072_SttlmIntlr  : auth072 : Document->SttlmIntlrRpt->SttlmIntlr->FinInstrm->CllctvInvstmtUdrtkgs generiert.
2020-04-23 17:11:47.702 DEBUG 11508 --- [main] l.b.i.r.c.e.xml.dtos.auth072_SttlmIntlr  : auth072 : Document->SttlmIntlrRpt->SttlmIntlr->FinInstrm->MnyMktInstrm generieren.
2020-04-23 17:11:47.702 DEBUG 11508 --- [main] l.b.i.r.c.e.xml.dtos.auth072_SttlmIntlr  : auth072 : Document->SttlmIntlrRpt->SttlmIntlr->FinInstrm->MnyMktInstrm generiert.
2020-04-23 17:11:47.703 DEBUG 11508 --- [main] l.b.i.r.c.e.xml.dtos.auth072_SttlmIntlr  : auth072 : Document->SttlmIntlrRpt->SttlmIntlr->FinInstrm->EmssnAllwnc generieren.
2020-04-23 17:11:47.704 DEBUG 11508 --- [main] l.b.i.r.c.e.xml.dtos.auth072_SttlmIntlr  : auth072 : Document->SttlmIntlrRpt->SttlmIntlr->FinInstrm->EmssnAllwnc generiert.
2020-04-23 17:11:47.705 DEBUG 11508 --- [main] l.b.i.r.c.e.xml.dtos.auth072_SttlmIntlr  : auth072 : Document->SttlmIntlrRpt->SttlmIntlr->FinInstrm->OthrFinInstrms generieren.
2020-04-23 17:11:47.706 DEBUG 11508 --- [main] l.b.i.r.c.e.xml.dtos.auth072_SttlmIntlr  : auth072 : Document->SttlmIntlrRpt->SttlmIntlr->FinInstrm->OthrFinInstrms generiert.
2020-04-23 17:11:47.707 DEBUG 11508 --- [main] l.b.i.r.c.e.xml.dtos.auth072_SttlmIntlr  : auth072 : Document->SttlmIntlrRpt->SttlmIntlr->FinInstrm generiert.
2020-04-23 17:11:47.708 DEBUG 11508 --- [main] l.b.i.r.c.e.xml.dtos.auth072_SttlmIntlr  : auth072 : Document->SttlmIntlrRpt->SttlmIntlr->TxTp generieren.
2020-04-23 17:11:47.710 DEBUG 11508 --- [main] l.b.i.r.c.e.xml.dtos.auth072_SttlmIntlr  : auth072 : Document->SttlmIntlrRpt->SttlmIntlr->TxTp->SctiesBuyOrSell generieren.
2020-04-23 17:11:47.712 DEBUG 11508 --- [main] l.b.i.r.c.e.xml.dtos.auth072_SttlmIntlr  : auth072 : Document->SttlmIntlrRpt->SttlmIntlr->TxTp->SctiesBuyOrSell generiert.
2020-04-23 17:11:47.714 DEBUG 11508 --- [main] l.b.i.r.c.e.xml.dtos.auth072_SttlmIntlr  : auth072 : Document->SttlmIntlrRpt->SttlmIntlr->TxTp->CollMgmtOpr generieren.
2020-04-23 17:11:47.715 DEBUG 11508 --- [main] l.b.i.r.c.e.xml.dtos.auth072_SttlmIntlr  : auth072 : Document->SttlmIntlrRpt->SttlmIntlr->TxTp->CollMgmtOpr generiert.
2020-04-23 17:11:47.716 DEBUG 11508 --- [main] l.b.i.r.c.e.xml.dtos.auth072_SttlmIntlr  : auth072 : Document->SttlmIntlrRpt->SttlmIntlr->TxTp->SctiesLndgOrBrrwg generieren.
2020-04-23 17:11:47.718 DEBUG 11508 --- [main] l.b.i.r.c.e.xml.dtos.auth072_SttlmIntlr  : auth072 : Document->SttlmIntlrRpt->SttlmIntlr->TxTp->SctiesLndgOrBrrwg generiert.
2020-04-23 17:11:47.719 DEBUG 11508 --- [main] l.b.i.r.c.e.xml.dtos.auth072_SttlmIntlr  : auth072 : Document->SttlmIntlrRpt->SttlmIntlr->TxTp->RpAgrmt generieren.
2020-04-23 17:11:47.719 DEBUG 11508 --- [main] l.b.i.r.c.e.xml.dtos.auth072_SttlmIntlr  : auth072 : Document->SttlmIntlrRpt->SttlmIntlr->TxTp->RpAgrmt generiert.
2020-04-23 17:11:47.720 DEBUG 11508 --- [main] l.b.i.r.c.e.xml.dtos.auth072_SttlmIntlr  : auth072 : Document->SttlmIntlrRpt->SttlmIntlr->TxTp->OthrTxs generieren.
2020-04-23 17:11:47.720 DEBUG 11508 --- [main] l.b.i.r.c.e.xml.dtos.auth072_SttlmIntlr  : auth072 : Document->SttlmIntlrRpt->SttlmIntlr->TxTp->OthrTxs generiert.
2020-04-23 17:11:47.722 DEBUG 11508 --- [main] l.b.i.r.c.e.xml.dtos.auth072_SttlmIntlr  : auth072 : Document->SttlmIntlrRpt->SttlmIntlr->TxTp generiert.
2020-04-23 17:11:47.722 DEBUG 11508 --- [main] l.b.i.r.c.e.xml.dtos.auth072_SttlmIntlr  : auth072 : Document->SttlmIntlrRpt->SttlmIntlr->ClntTp generieren.
2020-04-23 17:11:47.773 DEBUG 11508 --- [main] l.b.i.r.c.e.xml.dtos.auth072_SttlmIntlr  : auth072 : Document->SttlmIntlrRpt->SttlmIntlr->ClntTp->Prfssnl generieren
2020-04-23 17:11:47.775 DEBUG 11508 --- [main] l.b.i.r.c.e.xml.dtos.auth072_SttlmIntlr  : auth072 : Document->SttlmIntlrRpt->SttlmIntlr->ClntTp->Prfssnl generiert
2020-04-23 17:11:47.776 DEBUG 11508 --- [main] l.b.i.r.c.e.xml.dtos.auth072_SttlmIntlr  : auth072 : Document->SttlmIntlrRpt->SttlmIntlr->ClntTp->Rtl generieren
2020-04-23 17:11:47.778 DEBUG 11508 --- [main] l.b.i.r.c.e.xml.dtos.auth072_SttlmIntlr  : auth072 : Document->SttlmIntlrRpt->SttlmIntlr->ClntTp->Rtl generiert
2020-04-23 17:11:47.781 DEBUG 11508 --- [main] l.b.i.r.c.e.xml.dtos.auth072_SttlmIntlr  : auth072 : Document->SttlmIntlrRpt->SttlmIntlr->ClntTp generiert.
2020-04-23 17:11:47.782 DEBUG 11508 --- [main] l.b.i.r.c.e.xml.dtos.auth072_SttlmIntlr  : auth072 : Document->SttlmIntlrRpt->SttlmIntlr->TtlCshTrf generieren.
2020-04-23 17:11:47.785 DEBUG 11508 --- [main] l.b.i.r.c.e.xml.dtos.auth072_SttlmIntlr  : auth072 : Document->SttlmIntlrRpt->SttlmIntlr->TtlCshTrf generiert.
2020-04-23 17:11:47.785 DEBUG 11508 --- [main] l.b.i.r.c.e.xml.dtos.auth072_SttlmIntlr  : auth072 : Document->SttlmIntlrRpt->SttlmIntlr generiert.
2020-04-23 17:11:47.789 DEBUG 11508 --- [main] l.b.i.r.c.e.xml.dtos.auth072_IssrCSDs    : auth072 : Document->SttlmIntlrRpt->IssrCSD(CH)->FinInstrm generieren.
2020-04-23 17:11:47.790 DEBUG 11508 --- [main] l.b.i.r.c.e.xml.dtos.auth072_IssrCSDs    : auth072 : Document->SttlmIntlrRpt->IssrCSD(CH)->FinInstrm->Eqty generieren.
2020-04-23 17:11:47.794 DEBUG 11508 --- [main] l.b.i.r.c.e.xml.dtos.auth072_IssrCSDs    : auth072 : Document->SttlmIntlrRpt->IssrCSD(CH)->FinInstrm->Eqty generiert.
2020-04-23 17:11:47.795 DEBUG 11508 --- [main] l.b.i.r.c.e.xml.dtos.auth072_IssrCSDs    : auth072 : Document->SttlmIntlrRpt->IssrCSD(CH)->FinInstrm->SvrgnDebt generieren.
2020-04-23 17:11:47.796 DEBUG 11508 --- [main] l.b.i.r.c.e.xml.dtos.auth072_IssrCSDs    : auth072 : Document->SttlmIntlrRpt->IssrCSD(CH)->FinInstrm->SvrgnDebt generiert.
2020-04-23 17:11:47.797 DEBUG 11508 --- [main] l.b.i.r.c.e.xml.dtos.auth072_IssrCSDs    : auth072 : Document->SttlmIntlrRpt->IssrCSD(CH)->FinInstrm->Bd generieren.
2020-04-23 17:11:47.800 DEBUG 11508 --- [main] l.b.i.r.c.e.xml.dtos.auth072_IssrCSDs    : auth072 : Document->SttlmIntlrRpt->IssrCSD(CH)->FinInstrm->Bd generiert.
2020-04-23 17:11:47.801 DEBUG 11508 --- [main] l.b.i.r.c.e.xml.dtos.auth072_IssrCSDs    : auth072 : Document->SttlmIntlrRpt->IssrCSD(CH)->FinInstrm->OthrTrfblScties generieren.
2020-04-23 17:11:47.803 DEBUG 11508 --- [main] l.b.i.r.c.e.xml.dtos.auth072_IssrCSDs    : auth072 : Document->SttlmIntlrRpt->IssrCSD(CH)->FinInstrm->OthrTrfblScties generiert.
2020-04-23 17:11:47.804 DEBUG 11508 --- [main] l.b.i.r.c.e.xml.dtos.auth072_IssrCSDs    : auth072 : Document->SttlmIntlrRpt->IssrCSD(CH)->FinInstrm->XchgTradgFnds generieren.
2020-04-23 17:11:47.805 DEBUG 11508 --- [main] l.b.i.r.c.e.xml.dtos.auth072_IssrCSDs    : auth072 : Document->SttlmIntlrRpt->IssrCSD(CH)->FinInstrm->XchgTradgFnds generiert.
2020-04-23 17:11:47.806 DEBUG 11508 --- [main] l.b.i.r.c.e.xml.dtos.auth072_IssrCSDs    : auth072 : Document->SttlmIntlrRpt->IssrCSD(CH)->FinInstrm->CllctvInvstmtUdrtkgs generieren.
2020-04-23 17:11:47.806 DEBUG 11508 --- [main] l.b.i.r.c.e.xml.dtos.auth072_IssrCSDs    : auth072 : Document->SttlmIntlrRpt->IssrCSD(CH)->FinInstrm->CllctvInvstmtUdrtkgs generiert.
2020-04-23 17:11:47.807 DEBUG 11508 --- [main] l.b.i.r.c.e.xml.dtos.auth072_IssrCSDs    : auth072 : Document->SttlmIntlrRpt->IssrCSD(CH)->FinInstrm->MnyMktInstrm generieren.
2020-04-23 17:11:47.807 DEBUG 11508 --- [main] l.b.i.r.c.e.xml.dtos.auth072_IssrCSDs    : auth072 : Document->SttlmIntlrRpt->IssrCSD(CH)->FinInstrm->MnyMktInstrm generiert.
2020-04-23 17:11:47.810 DEBUG 11508 --- [main] l.b.i.r.c.e.xml.dtos.auth072_IssrCSDs    : auth072 : Document->SttlmIntlrRpt->IssrCSD(CH)->FinInstrm->EmssnAllwnc generieren.
2020-04-23 17:11:47.811 DEBUG 11508 --- [main] l.b.i.r.c.e.xml.dtos.auth072_IssrCSDs    : auth072 : Document->SttlmIntlrRpt->IssrCSD(CH)->FinInstrm->EmssnAllwnc generiert.
2020-04-23 17:11:47.813 DEBUG 11508 --- [main] l.b.i.r.c.e.xml.dtos.auth072_IssrCSDs    : auth072 : Document->SttlmIntlrRpt->IssrCSD(CH)->FinInstrm->OthrFinInstrms generieren.
2020-04-23 17:11:47.814 DEBUG 11508 --- [main] l.b.i.r.c.e.xml.dtos.auth072_IssrCSDs    : auth072 : Document->SttlmIntlrRpt->IssrCSD(CH)->FinInstrm->OthrFinInstrms generiert.
2020-04-23 17:11:47.816 DEBUG 11508 --- [main] l.b.i.r.c.e.xml.dtos.auth072_IssrCSDs    : auth072 : Document->SttlmIntlrRpt->IssrCSD(CH)->FinInstrm generiert.
2020-04-23 17:11:47.819 DEBUG 11508 --- [main] l.b.i.r.c.e.xml.dtos.auth072_IssrCSDs    : auth072 : Document->SttlmIntlrRpt->IssrCSD(CH)->TxTp generieren.
2020-04-23 17:11:47.823 DEBUG 11508 --- [main] l.b.i.r.c.e.xml.dtos.auth072_IssrCSDs    : auth072 : Document->SttlmIntlrRpt->IssrCSD(CH)->TxTp->SctiesBuyOrSell generieren.
2020-04-23 17:11:47.825 DEBUG 11508 --- [main] l.b.i.r.c.e.xml.dtos.auth072_IssrCSDs    : auth072 : Document->SttlmIntlrRpt->IssrCSD(CH)->TxTp->SctiesBuyOrSell generiert.
2020-04-23 17:11:47.827 DEBUG 11508 --- [main] l.b.i.r.c.e.xml.dtos.auth072_IssrCSDs    : auth072 : Document->SttlmIntlrRpt->IssrCSD(CH)->TxTp->CollMgmtOpr generieren.
2020-04-23 17:11:47.828 DEBUG 11508 --- [main] l.b.i.r.c.e.xml.dtos.auth072_IssrCSDs    : auth072 : Document->SttlmIntlrRpt->IssrCSD(CH)->TxTp->CollMgmtOpr generiert.
2020-04-23 17:11:47.828 DEBUG 11508 --- [main] l.b.i.r.c.e.xml.dtos.auth072_IssrCSDs    : auth072 : Document->SttlmIntlrRpt->IssrCSD(CH)->TxTp->SctiesLndgOrBrrwg generieren.
2020-04-23 17:11:47.829 DEBUG 11508 --- [main] l.b.i.r.c.e.xml.dtos.auth072_IssrCSDs    : auth072 : Document->SttlmIntlrRpt->IssrCSD(CH)->TxTp->SctiesLndgOrBrrwg generiert.
2020-04-23 17:11:47.831 DEBUG 11508 --- [main] l.b.i.r.c.e.xml.dtos.auth072_IssrCSDs    : auth072 : Document->SttlmIntlrRpt->IssrCSD(CH)->TxTp->RpAgrmt generieren.
2020-04-23 17:11:47.833 DEBUG 11508 --- [main] l.b.i.r.c.e.xml.dtos.auth072_IssrCSDs    : auth072 : Document->SttlmIntlrRpt->IssrCSD(CH)->TxTp->RpAgrmt generiert.
2020-04-23 17:11:47.833 DEBUG 11508 --- [main] l.b.i.r.c.e.xml.dtos.auth072_IssrCSDs    : auth072 : Document->SttlmIntlrRpt->IssrCSD(CH)->TxTp->OthrTxs generieren.
2020-04-23 17:11:47.833 DEBUG 11508 --- [main] l.b.i.r.c.e.xml.dtos.auth072_IssrCSDs    : auth072 : Document->SttlmIntlrRpt->IssrCSD(CH)->TxTp->OthrTxs generiert.
2020-04-23 17:11:47.834 DEBUG 11508 --- [main] l.b.i.r.c.e.xml.dtos.auth072_IssrCSDs    : auth072 : Document->SttlmIntlrRpt->IssrCSD(CH)->TxTp generiert.
2020-04-23 17:11:47.834 DEBUG 11508 --- [main] l.b.i.r.c.e.xml.dtos.auth072_IssrCSDs    : auth072 : Document->SttlmIntlrRpt->IssrCSD(CH)->ClntTp generieren.
2020-04-23 17:11:47.835 DEBUG 11508 --- [main] l.b.i.r.c.e.xml.dtos.auth072_IssrCSDs    : auth072 : Document->SttlmIntlrRpt->IssrCSD(CH)->ClntTp->Prfssnl generieren
2020-04-23 17:11:47.836 DEBUG 11508 --- [main] l.b.i.r.c.e.xml.dtos.auth072_IssrCSDs    : auth072 : Document->SttlmIntlrRpt->IssrCSD(CH)->ClntTp->Prfssnl generiert
2020-04-23 17:11:47.840 DEBUG 11508 --- [main] l.b.i.r.c.e.xml.dtos.auth072_IssrCSDs    : auth072 : Document->SttlmIntlrRpt->IssrCSD(CH)->ClntTp->Rtl generieren
2020-04-23 17:11:47.842 DEBUG 11508 --- [main] l.b.i.r.c.e.xml.dtos.auth072_IssrCSDs    : auth072 : Document->SttlmIntlrRpt->IssrCSD(CH)->ClntTp->Rtl generiert
2020-04-23 17:11:47.845 DEBUG 11508 --- [main] l.b.i.r.c.e.xml.dtos.auth072_IssrCSDs    : auth072 : Document->SttlmIntlrRpt->IssrCSD(CH)->ClntTp generiert.
2020-04-23 17:11:47.847 DEBUG 11508 --- [main] l.b.i.r.c.e.xml.dtos.auth072_IssrCSDs    : auth072 : Document->SttlmIntlrRpt->IssrCSD(CH)->TtlCshTrf generieren.
2020-04-23 17:11:47.848 DEBUG 11508 --- [main] l.b.i.r.c.e.xml.dtos.auth072_IssrCSDs    : auth072 : Document->SttlmIntlrRpt->IssrCSD(CH)->TtlCshTrf generiert.
2020-04-23 17:11:47.850 DEBUG 11508 --- [main] l.b.i.r.c.e.xml.dtos.auth072_IssrCSDs    : auth072 : Document->SttlmIntlrRpt->IssrCSD(DE)->FinInstrm generieren.
2020-04-23 17:11:47.851 DEBUG 11508 --- [main] l.b.i.r.c.e.xml.dtos.auth072_IssrCSDs    : auth072 : Document->SttlmIntlrRpt->IssrCSD(DE)->FinInstrm->Eqty generieren.
2020-04-23 17:11:47.852 DEBUG 11508 --- [main] l.b.i.r.c.e.xml.dtos.auth072_IssrCSDs    : auth072 : Document->SttlmIntlrRpt->IssrCSD(DE)->FinInstrm->Eqty generiert.
2020-04-23 17:11:47.853 DEBUG 11508 --- [main] l.b.i.r.c.e.xml.dtos.auth072_IssrCSDs    : auth072 : Document->SttlmIntlrRpt->IssrCSD(DE)->FinInstrm->SvrgnDebt generieren.
2020-04-23 17:11:47.853 DEBUG 11508 --- [main] l.b.i.r.c.e.xml.dtos.auth072_IssrCSDs    : auth072 : Document->SttlmIntlrRpt->IssrCSD(DE)->FinInstrm->SvrgnDebt generiert.
2020-04-23 17:11:47.853 DEBUG 11508 --- [main] l.b.i.r.c.e.xml.dtos.auth072_IssrCSDs    : auth072 : Document->SttlmIntlrRpt->IssrCSD(DE)->FinInstrm->Bd generieren.
2020-04-23 17:11:47.855 DEBUG 11508 --- [main] l.b.i.r.c.e.xml.dtos.auth072_IssrCSDs    : auth072 : Document->SttlmIntlrRpt->IssrCSD(DE)->FinInstrm->Bd generiert.
2020-04-23 17:11:47.856 DEBUG 11508 --- [main] l.b.i.r.c.e.xml.dtos.auth072_IssrCSDs    : auth072 : Document->SttlmIntlrRpt->IssrCSD(DE)->FinInstrm->OthrTrfblScties generieren.
2020-04-23 17:11:47.862 DEBUG 11508 --- [main] l.b.i.r.c.e.xml.dtos.auth072_IssrCSDs    : auth072 : Document->SttlmIntlrRpt->IssrCSD(DE)->FinInstrm->OthrTrfblScties generiert.
2020-04-23 17:11:47.876 DEBUG 11508 --- [main] l.b.i.r.c.e.xml.dtos.auth072_IssrCSDs    : auth072 : Document->SttlmIntlrRpt->IssrCSD(DE)->FinInstrm->XchgTradgFnds generieren.
2020-04-23 17:11:47.876 DEBUG 11508 --- [main] l.b.i.r.c.e.xml.dtos.auth072_IssrCSDs    : auth072 : Document->SttlmIntlrRpt->IssrCSD(DE)->FinInstrm->XchgTradgFnds generiert.
2020-04-23 17:11:47.877 DEBUG 11508 --- [main] l.b.i.r.c.e.xml.dtos.auth072_IssrCSDs    : auth072 : Document->SttlmIntlrRpt->IssrCSD(DE)->FinInstrm->CllctvInvstmtUdrtkgs generieren.
2020-04-23 17:11:47.883 DEBUG 11508 --- [main] l.b.i.r.c.e.xml.dtos.auth072_IssrCSDs    : auth072 : Document->SttlmIntlrRpt->IssrCSD(DE)->FinInstrm->CllctvInvstmtUdrtkgs generiert.
2020-04-23 17:11:47.884 DEBUG 11508 --- [main] l.b.i.r.c.e.xml.dtos.auth072_IssrCSDs    : auth072 : Document->SttlmIntlrRpt->IssrCSD(DE)->FinInstrm->MnyMktInstrm generieren.
2020-04-23 17:11:47.884 DEBUG 11508 --- [main] l.b.i.r.c.e.xml.dtos.auth072_IssrCSDs    : auth072 : Document->SttlmIntlrRpt->IssrCSD(DE)->FinInstrm->MnyMktInstrm generiert.
2020-04-23 17:11:47.885 DEBUG 11508 --- [main] l.b.i.r.c.e.xml.dtos.auth072_IssrCSDs    : auth072 : Document->SttlmIntlrRpt->IssrCSD(DE)->FinInstrm->EmssnAllwnc generieren.
2020-04-23 17:11:47.885 DEBUG 11508 --- [main] l.b.i.r.c.e.xml.dtos.auth072_IssrCSDs    : auth072 : Document->SttlmIntlrRpt->IssrCSD(DE)->FinInstrm->EmssnAllwnc generiert.
2020-04-23 17:11:47.887 DEBUG 11508 --- [main] l.b.i.r.c.e.xml.dtos.auth072_IssrCSDs    : auth072 : Document->SttlmIntlrRpt->IssrCSD(DE)->FinInstrm->OthrFinInstrms generieren.
2020-04-23 17:11:47.888 DEBUG 11508 --- [main] l.b.i.r.c.e.xml.dtos.auth072_IssrCSDs    : auth072 : Document->SttlmIntlrRpt->IssrCSD(DE)->FinInstrm->OthrFinInstrms generiert.
2020-04-23 17:11:47.888 DEBUG 11508 --- [main] l.b.i.r.c.e.xml.dtos.auth072_IssrCSDs    : auth072 : Document->SttlmIntlrRpt->IssrCSD(DE)->FinInstrm generiert.
2020-04-23 17:11:47.889 DEBUG 11508 --- [main] l.b.i.r.c.e.xml.dtos.auth072_IssrCSDs    : auth072 : Document->SttlmIntlrRpt->IssrCSD(DE)->TxTp generieren.
2020-04-23 17:11:47.891 DEBUG 11508 --- [main] l.b.i.r.c.e.xml.dtos.auth072_IssrCSDs    : auth072 : Document->SttlmIntlrRpt->IssrCSD(DE)->TxTp->SctiesBuyOrSell generieren.
2020-04-23 17:11:47.892 DEBUG 11508 --- [main] l.b.i.r.c.e.xml.dtos.auth072_IssrCSDs    : auth072 : Document->SttlmIntlrRpt->IssrCSD(DE)->TxTp->SctiesBuyOrSell generiert.
2020-04-23 17:11:47.895 DEBUG 11508 --- [main] l.b.i.r.c.e.xml.dtos.auth072_IssrCSDs    : auth072 : Document->SttlmIntlrRpt->IssrCSD(DE)->TxTp->CollMgmtOpr generieren.
2020-04-23 17:11:47.896 DEBUG 11508 --- [main] l.b.i.r.c.e.xml.dtos.auth072_IssrCSDs    : auth072 : Document->SttlmIntlrRpt->IssrCSD(DE)->TxTp->CollMgmtOpr generiert.
2020-04-23 17:11:47.897 DEBUG 11508 --- [main] l.b.i.r.c.e.xml.dtos.auth072_IssrCSDs    : auth072 : Document->SttlmIntlrRpt->IssrCSD(DE)->TxTp->SctiesLndgOrBrrwg generieren.
2020-04-23 17:11:47.900 DEBUG 11508 --- [main] l.b.i.r.c.e.xml.dtos.auth072_IssrCSDs    : auth072 : Document->SttlmIntlrRpt->IssrCSD(DE)->TxTp->SctiesLndgOrBrrwg generiert.
2020-04-23 17:11:47.900 DEBUG 11508 --- [main] l.b.i.r.c.e.xml.dtos.auth072_IssrCSDs    : auth072 : Document->SttlmIntlrRpt->IssrCSD(DE)->TxTp->RpAgrmt generieren.
2020-04-23 17:11:47.903 DEBUG 11508 --- [main] l.b.i.r.c.e.xml.dtos.auth072_IssrCSDs    : auth072 : Document->SttlmIntlrRpt->IssrCSD(DE)->TxTp->RpAgrmt generiert.
2020-04-23 17:11:47.904 DEBUG 11508 --- [main] l.b.i.r.c.e.xml.dtos.auth072_IssrCSDs    : auth072 : Document->SttlmIntlrRpt->IssrCSD(DE)->TxTp->OthrTxs generieren.
2020-04-23 17:11:47.904 DEBUG 11508 --- [main] l.b.i.r.c.e.xml.dtos.auth072_IssrCSDs    : auth072 : Document->SttlmIntlrRpt->IssrCSD(DE)->TxTp->OthrTxs generiert.
2020-04-23 17:11:47.904 DEBUG 11508 --- [main] l.b.i.r.c.e.xml.dtos.auth072_IssrCSDs    : auth072 : Document->SttlmIntlrRpt->IssrCSD(DE)->TxTp generiert.
2020-04-23 17:11:47.905 DEBUG 11508 --- [main] l.b.i.r.c.e.xml.dtos.auth072_IssrCSDs    : auth072 : Document->SttlmIntlrRpt->IssrCSD(DE)->ClntTp generieren.
2020-04-23 17:11:47.907 DEBUG 11508 --- [main] l.b.i.r.c.e.xml.dtos.auth072_IssrCSDs    : auth072 : Document->SttlmIntlrRpt->IssrCSD(DE)->ClntTp->Prfssnl generieren
2020-04-23 17:11:47.907 DEBUG 11508 --- [main] l.b.i.r.c.e.xml.dtos.auth072_IssrCSDs    : auth072 : Document->SttlmIntlrRpt->IssrCSD(DE)->ClntTp->Prfssnl generiert
2020-04-23 17:11:47.908 DEBUG 11508 --- [main] l.b.i.r.c.e.xml.dtos.auth072_IssrCSDs    : auth072 : Document->SttlmIntlrRpt->IssrCSD(DE)->ClntTp->Rtl generieren
2020-04-23 17:11:47.908 DEBUG 11508 --- [main] l.b.i.r.c.e.xml.dtos.auth072_IssrCSDs    : auth072 : Document->SttlmIntlrRpt->IssrCSD(DE)->ClntTp->Rtl generiert
2020-04-23 17:11:47.909 DEBUG 11508 --- [main] l.b.i.r.c.e.xml.dtos.auth072_IssrCSDs    : auth072 : Document->SttlmIntlrRpt->IssrCSD(DE)->ClntTp generiert.
2020-04-23 17:11:47.910 DEBUG 11508 --- [main] l.b.i.r.c.e.xml.dtos.auth072_IssrCSDs    : auth072 : Document->SttlmIntlrRpt->IssrCSD(DE)->TtlCshTrf generieren.
2020-04-23 17:11:47.910 DEBUG 11508 --- [main] l.b.i.r.c.e.xml.dtos.auth072_IssrCSDs    : auth072 : Document->SttlmIntlrRpt->IssrCSD(DE)->TtlCshTrf generiert.
2020-04-23 17:11:47.912 DEBUG 11508 --- [main] l.b.i.r.c.e.xml.dtos.auth072_IssrCSDs    : auth072 : Document->SttlmIntlrRpt->IssrCSD(LI)->FinInstrm generieren.
2020-04-23 17:11:47.914 DEBUG 11508 --- [main] l.b.i.r.c.e.xml.dtos.auth072_IssrCSDs    : auth072 : Document->SttlmIntlrRpt->IssrCSD(LI)->FinInstrm->Eqty generieren.
2020-04-23 17:11:47.915 DEBUG 11508 --- [main] l.b.i.r.c.e.xml.dtos.auth072_IssrCSDs    : auth072 : Document->SttlmIntlrRpt->IssrCSD(LI)->FinInstrm->Eqty generiert.
2020-04-23 17:11:47.916 DEBUG 11508 --- [main] l.b.i.r.c.e.xml.dtos.auth072_IssrCSDs    : auth072 : Document->SttlmIntlrRpt->IssrCSD(LI)->FinInstrm->SvrgnDebt generieren.
2020-04-23 17:11:47.917 DEBUG 11508 --- [main] l.b.i.r.c.e.xml.dtos.auth072_IssrCSDs    : auth072 : Document->SttlmIntlrRpt->IssrCSD(LI)->FinInstrm->SvrgnDebt generiert.
2020-04-23 17:11:47.921 DEBUG 11508 --- [main] l.b.i.r.c.e.xml.dtos.auth072_IssrCSDs    : auth072 : Document->SttlmIntlrRpt->IssrCSD(LI)->FinInstrm->Bd generieren.
2020-04-23 17:11:47.923 DEBUG 11508 --- [main] l.b.i.r.c.e.xml.dtos.auth072_IssrCSDs    : auth072 : Document->SttlmIntlrRpt->IssrCSD(LI)->FinInstrm->Bd generiert.
2020-04-23 17:11:47.924 DEBUG 11508 --- [main] l.b.i.r.c.e.xml.dtos.auth072_IssrCSDs    : auth072 : Document->SttlmIntlrRpt->IssrCSD(LI)->FinInstrm->OthrTrfblScties generieren.
2020-04-23 17:11:47.925 DEBUG 11508 --- [main] l.b.i.r.c.e.xml.dtos.auth072_IssrCSDs    : auth072 : Document->SttlmIntlrRpt->IssrCSD(LI)->FinInstrm->OthrTrfblScties generiert.
2020-04-23 17:11:47.926 DEBUG 11508 --- [main] l.b.i.r.c.e.xml.dtos.auth072_IssrCSDs    : auth072 : Document->SttlmIntlrRpt->IssrCSD(LI)->FinInstrm->XchgTradgFnds generieren.
2020-04-23 17:11:47.926 DEBUG 11508 --- [main] l.b.i.r.c.e.xml.dtos.auth072_IssrCSDs    : auth072 : Document->SttlmIntlrRpt->IssrCSD(LI)->FinInstrm->XchgTradgFnds generiert.
2020-04-23 17:11:47.926 DEBUG 11508 --- [main] l.b.i.r.c.e.xml.dtos.auth072_IssrCSDs    : auth072 : Document->SttlmIntlrRpt->IssrCSD(LI)->FinInstrm->CllctvInvstmtUdrtkgs generieren.
2020-04-23 17:11:47.928 DEBUG 11508 --- [main] l.b.i.r.c.e.xml.dtos.auth072_IssrCSDs    : auth072 : Document->SttlmIntlrRpt->IssrCSD(LI)->FinInstrm->CllctvInvstmtUdrtkgs generiert.
2020-04-23 17:11:47.929 DEBUG 11508 --- [main] l.b.i.r.c.e.xml.dtos.auth072_IssrCSDs    : auth072 : Document->SttlmIntlrRpt->IssrCSD(LI)->FinInstrm->MnyMktInstrm generieren.
2020-04-23 17:11:47.931 DEBUG 11508 --- [main] l.b.i.r.c.e.xml.dtos.auth072_IssrCSDs    : auth072 : Document->SttlmIntlrRpt->IssrCSD(LI)->FinInstrm->MnyMktInstrm generiert.
2020-04-23 17:11:47.931 DEBUG 11508 --- [main] l.b.i.r.c.e.xml.dtos.auth072_IssrCSDs    : auth072 : Document->SttlmIntlrRpt->IssrCSD(LI)->FinInstrm->EmssnAllwnc generieren.
2020-04-23 17:11:47.934 DEBUG 11508 --- [main] l.b.i.r.c.e.xml.dtos.auth072_IssrCSDs    : auth072 : Document->SttlmIntlrRpt->IssrCSD(LI)->FinInstrm->EmssnAllwnc generiert.
2020-04-23 17:11:47.935 DEBUG 11508 --- [main] l.b.i.r.c.e.xml.dtos.auth072_IssrCSDs    : auth072 : Document->SttlmIntlrRpt->IssrCSD(LI)->FinInstrm->OthrFinInstrms generieren.
2020-04-23 17:11:47.938 DEBUG 11508 --- [main] l.b.i.r.c.e.xml.dtos.auth072_IssrCSDs    : auth072 : Document->SttlmIntlrRpt->IssrCSD(LI)->FinInstrm->OthrFinInstrms generiert.
2020-04-23 17:11:47.939 DEBUG 11508 --- [main] l.b.i.r.c.e.xml.dtos.auth072_IssrCSDs    : auth072 : Document->SttlmIntlrRpt->IssrCSD(LI)->FinInstrm generiert.
2020-04-23 17:11:47.939 DEBUG 11508 --- [main] l.b.i.r.c.e.xml.dtos.auth072_IssrCSDs    : auth072 : Document->SttlmIntlrRpt->IssrCSD(LI)->TxTp generieren.
2020-04-23 17:11:47.941 DEBUG 11508 --- [main] l.b.i.r.c.e.xml.dtos.auth072_IssrCSDs    : auth072 : Document->SttlmIntlrRpt->IssrCSD(LI)->TxTp->SctiesBuyOrSell generieren.
2020-04-23 17:11:47.945 DEBUG 11508 --- [main] l.b.i.r.c.e.xml.dtos.auth072_IssrCSDs    : auth072 : Document->SttlmIntlrRpt->IssrCSD(LI)->TxTp->SctiesBuyOrSell generiert.
2020-04-23 17:11:47.945 DEBUG 11508 --- [main] l.b.i.r.c.e.xml.dtos.auth072_IssrCSDs    : auth072 : Document->SttlmIntlrRpt->IssrCSD(LI)->TxTp->CollMgmtOpr generieren.
2020-04-23 17:11:47.946 DEBUG 11508 --- [main] l.b.i.r.c.e.xml.dtos.auth072_IssrCSDs    : auth072 : Document->SttlmIntlrRpt->IssrCSD(LI)->TxTp->CollMgmtOpr generiert.
2020-04-23 17:11:47.946 DEBUG 11508 --- [main] l.b.i.r.c.e.xml.dtos.auth072_IssrCSDs    : auth072 : Document->SttlmIntlrRpt->IssrCSD(LI)->TxTp->SctiesLndgOrBrrwg generieren.
2020-04-23 17:11:47.947 DEBUG 11508 --- [main] l.b.i.r.c.e.xml.dtos.auth072_IssrCSDs    : auth072 : Document->SttlmIntlrRpt->IssrCSD(LI)->TxTp->SctiesLndgOrBrrwg generiert.
2020-04-23 17:11:47.948 DEBUG 11508 --- [main] l.b.i.r.c.e.xml.dtos.auth072_IssrCSDs    : auth072 : Document->SttlmIntlrRpt->IssrCSD(LI)->TxTp->RpAgrmt generieren.
2020-04-23 17:11:47.949 DEBUG 11508 --- [main] l.b.i.r.c.e.xml.dtos.auth072_IssrCSDs    : auth072 : Document->SttlmIntlrRpt->IssrCSD(LI)->TxTp->RpAgrmt generiert.
2020-04-23 17:11:47.949 DEBUG 11508 --- [main] l.b.i.r.c.e.xml.dtos.auth072_IssrCSDs    : auth072 : Document->SttlmIntlrRpt->IssrCSD(LI)->TxTp->OthrTxs generieren.
2020-04-23 17:11:47.949 DEBUG 11508 --- [main] l.b.i.r.c.e.xml.dtos.auth072_IssrCSDs    : auth072 : Document->SttlmIntlrRpt->IssrCSD(LI)->TxTp->OthrTxs generiert.
2020-04-23 17:11:47.950 DEBUG 11508 --- [main] l.b.i.r.c.e.xml.dtos.auth072_IssrCSDs    : auth072 : Document->SttlmIntlrRpt->IssrCSD(LI)->TxTp generiert.
2020-04-23 17:11:47.950 DEBUG 11508 --- [main] l.b.i.r.c.e.xml.dtos.auth072_IssrCSDs    : auth072 : Document->SttlmIntlrRpt->IssrCSD(LI)->ClntTp generieren.
2020-04-23 17:11:47.954 DEBUG 11508 --- [main] l.b.i.r.c.e.xml.dtos.auth072_IssrCSDs    : auth072 : Document->SttlmIntlrRpt->IssrCSD(LI)->ClntTp->Prfssnl generieren
2020-04-23 17:11:47.955 DEBUG 11508 --- [main] l.b.i.r.c.e.xml.dtos.auth072_IssrCSDs    : auth072 : Document->SttlmIntlrRpt->IssrCSD(LI)->ClntTp->Prfssnl generiert
2020-04-23 17:11:47.956 DEBUG 11508 --- [main] l.b.i.r.c.e.xml.dtos.auth072_IssrCSDs    : auth072 : Document->SttlmIntlrRpt->IssrCSD(LI)->ClntTp->Rtl generieren
2020-04-23 17:11:47.956 DEBUG 11508 --- [main] l.b.i.r.c.e.xml.dtos.auth072_IssrCSDs    : auth072 : Document->SttlmIntlrRpt->IssrCSD(LI)->ClntTp->Rtl generiert
2020-04-23 17:11:47.956 DEBUG 11508 --- [main] l.b.i.r.c.e.xml.dtos.auth072_IssrCSDs    : auth072 : Document->SttlmIntlrRpt->IssrCSD(LI)->ClntTp generiert.
2020-04-23 17:11:47.957 DEBUG 11508 --- [main] l.b.i.r.c.e.xml.dtos.auth072_IssrCSDs    : auth072 : Document->SttlmIntlrRpt->IssrCSD(LI)->TtlCshTrf generieren.
2020-04-23 17:11:47.957 DEBUG 11508 --- [main] l.b.i.r.c.e.xml.dtos.auth072_IssrCSDs    : auth072 : Document->SttlmIntlrRpt->IssrCSD(LI)->TtlCshTrf generiert.
2020-04-23 17:11:47.959 DEBUG 11508 --- [main] l.b.i.r.c.e.xml.dtos.auth072_IssrCSDs    : auth072 : Document->SttlmIntlrRpt->IssrCSD(VC)->FinInstrm generieren.
2020-04-23 17:11:47.960 DEBUG 11508 --- [main] l.b.i.r.c.e.xml.dtos.auth072_IssrCSDs    : auth072 : Document->SttlmIntlrRpt->IssrCSD(VC)->FinInstrm->Eqty generieren.
2020-04-23 17:11:47.960 DEBUG 11508 --- [main] l.b.i.r.c.e.xml.dtos.auth072_IssrCSDs    : auth072 : Document->SttlmIntlrRpt->IssrCSD(VC)->FinInstrm->Eqty generiert.
2020-04-23 17:11:47.961 DEBUG 11508 --- [main] l.b.i.r.c.e.xml.dtos.auth072_IssrCSDs    : auth072 : Document->SttlmIntlrRpt->IssrCSD(VC)->FinInstrm->SvrgnDebt generieren.
2020-04-23 17:11:47.962 DEBUG 11508 --- [main] l.b.i.r.c.e.xml.dtos.auth072_IssrCSDs    : auth072 : Document->SttlmIntlrRpt->IssrCSD(VC)->FinInstrm->SvrgnDebt generiert.
2020-04-23 17:11:47.962 DEBUG 11508 --- [main] l.b.i.r.c.e.xml.dtos.auth072_IssrCSDs    : auth072 : Document->SttlmIntlrRpt->IssrCSD(VC)->FinInstrm->Bd generieren.
2020-04-23 17:11:47.963 DEBUG 11508 --- [main] l.b.i.r.c.e.xml.dtos.auth072_IssrCSDs    : auth072 : Document->SttlmIntlrRpt->IssrCSD(VC)->FinInstrm->Bd generiert.
2020-04-23 17:11:47.963 DEBUG 11508 --- [main] l.b.i.r.c.e.xml.dtos.auth072_IssrCSDs    : auth072 : Document->SttlmIntlrRpt->IssrCSD(VC)->FinInstrm->OthrTrfblScties generieren.
2020-04-23 17:11:47.964 DEBUG 11508 --- [main] l.b.i.r.c.e.xml.dtos.auth072_IssrCSDs    : auth072 : Document->SttlmIntlrRpt->IssrCSD(VC)->FinInstrm->OthrTrfblScties generiert.
2020-04-23 17:11:47.965 DEBUG 11508 --- [main] l.b.i.r.c.e.xml.dtos.auth072_IssrCSDs    : auth072 : Document->SttlmIntlrRpt->IssrCSD(VC)->FinInstrm->XchgTradgFnds generieren.
2020-04-23 17:11:47.965 DEBUG 11508 --- [main] l.b.i.r.c.e.xml.dtos.auth072_IssrCSDs    : auth072 : Document->SttlmIntlrRpt->IssrCSD(VC)->FinInstrm->XchgTradgFnds generiert.
2020-04-23 17:11:47.965 DEBUG 11508 --- [main] l.b.i.r.c.e.xml.dtos.auth072_IssrCSDs    : auth072 : Document->SttlmIntlrRpt->IssrCSD(VC)->FinInstrm->CllctvInvstmtUdrtkgs generieren.
2020-04-23 17:11:47.966 DEBUG 11508 --- [main] l.b.i.r.c.e.xml.dtos.auth072_IssrCSDs    : auth072 : Document->SttlmIntlrRpt->IssrCSD(VC)->FinInstrm->CllctvInvstmtUdrtkgs generiert.
2020-04-23 17:11:47.966 DEBUG 11508 --- [main] l.b.i.r.c.e.xml.dtos.auth072_IssrCSDs    : auth072 : Document->SttlmIntlrRpt->IssrCSD(VC)->FinInstrm->MnyMktInstrm generieren.
2020-04-23 17:11:47.966 DEBUG 11508 --- [main] l.b.i.r.c.e.xml.dtos.auth072_IssrCSDs    : auth072 : Document->SttlmIntlrRpt->IssrCSD(VC)->FinInstrm->MnyMktInstrm generiert.
2020-04-23 17:11:47.967 DEBUG 11508 --- [main] l.b.i.r.c.e.xml.dtos.auth072_IssrCSDs    : auth072 : Document->SttlmIntlrRpt->IssrCSD(VC)->FinInstrm->EmssnAllwnc generieren.
2020-04-23 17:11:47.968 DEBUG 11508 --- [main] l.b.i.r.c.e.xml.dtos.auth072_IssrCSDs    : auth072 : Document->SttlmIntlrRpt->IssrCSD(VC)->FinInstrm->EmssnAllwnc generiert.
2020-04-23 17:11:47.968 DEBUG 11508 --- [main] l.b.i.r.c.e.xml.dtos.auth072_IssrCSDs    : auth072 : Document->SttlmIntlrRpt->IssrCSD(VC)->FinInstrm->OthrFinInstrms generieren.
2020-04-23 17:11:47.969 DEBUG 11508 --- [main] l.b.i.r.c.e.xml.dtos.auth072_IssrCSDs    : auth072 : Document->SttlmIntlrRpt->IssrCSD(VC)->FinInstrm->OthrFinInstrms generiert.
2020-04-23 17:11:47.970 DEBUG 11508 --- [main] l.b.i.r.c.e.xml.dtos.auth072_IssrCSDs    : auth072 : Document->SttlmIntlrRpt->IssrCSD(VC)->FinInstrm generiert.
2020-04-23 17:11:47.970 DEBUG 11508 --- [main] l.b.i.r.c.e.xml.dtos.auth072_IssrCSDs    : auth072 : Document->SttlmIntlrRpt->IssrCSD(VC)->TxTp generieren.
2020-04-23 17:11:47.971 DEBUG 11508 --- [main] l.b.i.r.c.e.xml.dtos.auth072_IssrCSDs    : auth072 : Document->SttlmIntlrRpt->IssrCSD(VC)->TxTp->SctiesBuyOrSell generieren.
2020-04-23 17:11:47.973 DEBUG 11508 --- [main] l.b.i.r.c.e.xml.dtos.auth072_IssrCSDs    : auth072 : Document->SttlmIntlrRpt->IssrCSD(VC)->TxTp->SctiesBuyOrSell generiert.
2020-04-23 17:11:47.976 DEBUG 11508 --- [main] l.b.i.r.c.e.xml.dtos.auth072_IssrCSDs    : auth072 : Document->SttlmIntlrRpt->IssrCSD(VC)->TxTp->CollMgmtOpr generieren.
2020-04-23 17:11:47.977 DEBUG 11508 --- [main] l.b.i.r.c.e.xml.dtos.auth072_IssrCSDs    : auth072 : Document->SttlmIntlrRpt->IssrCSD(VC)->TxTp->CollMgmtOpr generiert.
2020-04-23 17:11:47.981 DEBUG 11508 --- [main] l.b.i.r.c.e.xml.dtos.auth072_IssrCSDs    : auth072 : Document->SttlmIntlrRpt->IssrCSD(VC)->TxTp->SctiesLndgOrBrrwg generieren.
2020-04-23 17:11:47.984 DEBUG 11508 --- [main] l.b.i.r.c.e.xml.dtos.auth072_IssrCSDs    : auth072 : Document->SttlmIntlrRpt->IssrCSD(VC)->TxTp->SctiesLndgOrBrrwg generiert.
2020-04-23 17:11:47.986 DEBUG 11508 --- [main] l.b.i.r.c.e.xml.dtos.auth072_IssrCSDs    : auth072 : Document->SttlmIntlrRpt->IssrCSD(VC)->TxTp->RpAgrmt generieren.
2020-04-23 17:11:47.987 DEBUG 11508 --- [main] l.b.i.r.c.e.xml.dtos.auth072_IssrCSDs    : auth072 : Document->SttlmIntlrRpt->IssrCSD(VC)->TxTp->RpAgrmt generiert.
2020-04-23 17:11:47.987 DEBUG 11508 --- [main] l.b.i.r.c.e.xml.dtos.auth072_IssrCSDs    : auth072 : Document->SttlmIntlrRpt->IssrCSD(VC)->TxTp->OthrTxs generieren.
2020-04-23 17:11:47.988 DEBUG 11508 --- [main] l.b.i.r.c.e.xml.dtos.auth072_IssrCSDs    : auth072 : Document->SttlmIntlrRpt->IssrCSD(VC)->TxTp->OthrTxs generiert.
2020-04-23 17:11:47.989 DEBUG 11508 --- [main] l.b.i.r.c.e.xml.dtos.auth072_IssrCSDs    : auth072 : Document->SttlmIntlrRpt->IssrCSD(VC)->TxTp generiert.
2020-04-23 17:11:47.989 DEBUG 11508 --- [main] l.b.i.r.c.e.xml.dtos.auth072_IssrCSDs    : auth072 : Document->SttlmIntlrRpt->IssrCSD(VC)->ClntTp generieren.
2020-04-23 17:11:47.989 DEBUG 11508 --- [main] l.b.i.r.c.e.xml.dtos.auth072_IssrCSDs    : auth072 : Document->SttlmIntlrRpt->IssrCSD(VC)->ClntTp->Prfssnl generieren
2020-04-23 17:11:47.990 DEBUG 11508 --- [main] l.b.i.r.c.e.xml.dtos.auth072_IssrCSDs    : auth072 : Document->SttlmIntlrRpt->IssrCSD(VC)->ClntTp->Prfssnl generiert
2020-04-23 17:11:47.991 DEBUG 11508 --- [main] l.b.i.r.c.e.xml.dtos.auth072_IssrCSDs    : auth072 : Document->SttlmIntlrRpt->IssrCSD(VC)->ClntTp->Rtl generieren
2020-04-23 17:11:47.991 DEBUG 11508 --- [main] l.b.i.r.c.e.xml.dtos.auth072_IssrCSDs    : auth072 : Document->SttlmIntlrRpt->IssrCSD(VC)->ClntTp->Rtl generiert
2020-04-23 17:11:47.991 DEBUG 11508 --- [main] l.b.i.r.c.e.xml.dtos.auth072_IssrCSDs    : auth072 : Document->SttlmIntlrRpt->IssrCSD(VC)->ClntTp generiert.
2020-04-23 17:11:47.992 DEBUG 11508 --- [main] l.b.i.r.c.e.xml.dtos.auth072_IssrCSDs    : auth072 : Document->SttlmIntlrRpt->IssrCSD(VC)->TtlCshTrf generieren.
2020-04-23 17:11:47.993 DEBUG 11508 --- [main] l.b.i.r.c.e.xml.dtos.auth072_IssrCSDs    : auth072 : Document->SttlmIntlrRpt->IssrCSD(VC)->TtlCshTrf generiert.
2020-04-23 17:11:47.994 DEBUG 11508 --- [main] l.b.i.r.c.e.xml.dtos.auth072_IssrCSDs    : auth072 : Document->SttlmIntlrRpt->IssrCSD(XS)->FinInstrm generieren.
2020-04-23 17:11:47.995 DEBUG 11508 --- [main] l.b.i.r.c.e.xml.dtos.auth072_IssrCSDs    : auth072 : Document->SttlmIntlrRpt->IssrCSD(XS)->FinInstrm->Eqty generieren.
2020-04-23 17:11:47.996 DEBUG 11508 --- [main] l.b.i.r.c.e.xml.dtos.auth072_IssrCSDs    : auth072 : Document->SttlmIntlrRpt->IssrCSD(XS)->FinInstrm->Eqty generiert.
2020-04-23 17:11:47.997 DEBUG 11508 --- [main] l.b.i.r.c.e.xml.dtos.auth072_IssrCSDs    : auth072 : Document->SttlmIntlrRpt->IssrCSD(XS)->FinInstrm->SvrgnDebt generieren.
2020-04-23 17:11:47.997 DEBUG 11508 --- [main] l.b.i.r.c.e.xml.dtos.auth072_IssrCSDs    : auth072 : Document->SttlmIntlrRpt->IssrCSD(XS)->FinInstrm->SvrgnDebt generiert.
2020-04-23 17:11:47.997 DEBUG 11508 --- [main] l.b.i.r.c.e.xml.dtos.auth072_IssrCSDs    : auth072 : Document->SttlmIntlrRpt->IssrCSD(XS)->FinInstrm->Bd generieren.
2020-04-23 17:11:47.999 DEBUG 11508 --- [main] l.b.i.r.c.e.xml.dtos.auth072_IssrCSDs    : auth072 : Document->SttlmIntlrRpt->IssrCSD(XS)->FinInstrm->Bd generiert.
2020-04-23 17:11:47.999 DEBUG 11508 --- [main] l.b.i.r.c.e.xml.dtos.auth072_IssrCSDs    : auth072 : Document->SttlmIntlrRpt->IssrCSD(XS)->FinInstrm->OthrTrfblScties generieren.
2020-04-23 17:11:48.000 DEBUG 11508 --- [main] l.b.i.r.c.e.xml.dtos.auth072_IssrCSDs    : auth072 : Document->SttlmIntlrRpt->IssrCSD(XS)->FinInstrm->OthrTrfblScties generiert.
2020-04-23 17:11:48.001 DEBUG 11508 --- [main] l.b.i.r.c.e.xml.dtos.auth072_IssrCSDs    : auth072 : Document->SttlmIntlrRpt->IssrCSD(XS)->FinInstrm->XchgTradgFnds generieren.
2020-04-23 17:11:48.002 DEBUG 11508 --- [main] l.b.i.r.c.e.xml.dtos.auth072_IssrCSDs    : auth072 : Document->SttlmIntlrRpt->IssrCSD(XS)->FinInstrm->XchgTradgFnds generiert.
2020-04-23 17:11:48.002 DEBUG 11508 --- [main] l.b.i.r.c.e.xml.dtos.auth072_IssrCSDs    : auth072 : Document->SttlmIntlrRpt->IssrCSD(XS)->FinInstrm->CllctvInvstmtUdrtkgs generieren.
2020-04-23 17:11:48.005 DEBUG 11508 --- [main] l.b.i.r.c.e.xml.dtos.auth072_IssrCSDs    : auth072 : Document->SttlmIntlrRpt->IssrCSD(XS)->FinInstrm->CllctvInvstmtUdrtkgs generiert.
2020-04-23 17:11:48.005 DEBUG 11508 --- [main] l.b.i.r.c.e.xml.dtos.auth072_IssrCSDs    : auth072 : Document->SttlmIntlrRpt->IssrCSD(XS)->FinInstrm->MnyMktInstrm generieren.
2020-04-23 17:11:48.006 DEBUG 11508 --- [main] l.b.i.r.c.e.xml.dtos.auth072_IssrCSDs    : auth072 : Document->SttlmIntlrRpt->IssrCSD(XS)->FinInstrm->MnyMktInstrm generiert.
2020-04-23 17:11:48.007 DEBUG 11508 --- [main] l.b.i.r.c.e.xml.dtos.auth072_IssrCSDs    : auth072 : Document->SttlmIntlrRpt->IssrCSD(XS)->FinInstrm->EmssnAllwnc generieren.
2020-04-23 17:11:48.007 DEBUG 11508 --- [main] l.b.i.r.c.e.xml.dtos.auth072_IssrCSDs    : auth072 : Document->SttlmIntlrRpt->IssrCSD(XS)->FinInstrm->EmssnAllwnc generiert.
2020-04-23 17:11:48.009 DEBUG 11508 --- [main] l.b.i.r.c.e.xml.dtos.auth072_IssrCSDs    : auth072 : Document->SttlmIntlrRpt->IssrCSD(XS)->FinInstrm->OthrFinInstrms generieren.
2020-04-23 17:11:48.011 DEBUG 11508 --- [main] l.b.i.r.c.e.xml.dtos.auth072_IssrCSDs    : auth072 : Document->SttlmIntlrRpt->IssrCSD(XS)->FinInstrm->OthrFinInstrms generiert.
2020-04-23 17:11:48.011 DEBUG 11508 --- [main] l.b.i.r.c.e.xml.dtos.auth072_IssrCSDs    : auth072 : Document->SttlmIntlrRpt->IssrCSD(XS)->FinInstrm generiert.
2020-04-23 17:11:48.012 DEBUG 11508 --- [main] l.b.i.r.c.e.xml.dtos.auth072_IssrCSDs    : auth072 : Document->SttlmIntlrRpt->IssrCSD(XS)->TxTp generieren.
2020-04-23 17:11:48.013 DEBUG 11508 --- [main] l.b.i.r.c.e.xml.dtos.auth072_IssrCSDs    : auth072 : Document->SttlmIntlrRpt->IssrCSD(XS)->TxTp->SctiesBuyOrSell generieren.
2020-04-23 17:11:48.014 DEBUG 11508 --- [main] l.b.i.r.c.e.xml.dtos.auth072_IssrCSDs    : auth072 : Document->SttlmIntlrRpt->IssrCSD(XS)->TxTp->SctiesBuyOrSell generiert.
2020-04-23 17:11:48.014 DEBUG 11508 --- [main] l.b.i.r.c.e.xml.dtos.auth072_IssrCSDs    : auth072 : Document->SttlmIntlrRpt->IssrCSD(XS)->TxTp->CollMgmtOpr generieren.
2020-04-23 17:11:48.015 DEBUG 11508 --- [main] l.b.i.r.c.e.xml.dtos.auth072_IssrCSDs    : auth072 : Document->SttlmIntlrRpt->IssrCSD(XS)->TxTp->CollMgmtOpr generiert.
2020-04-23 17:11:48.016 DEBUG 11508 --- [main] l.b.i.r.c.e.xml.dtos.auth072_IssrCSDs    : auth072 : Document->SttlmIntlrRpt->IssrCSD(XS)->TxTp->SctiesLndgOrBrrwg generieren.
2020-04-23 17:11:48.016 DEBUG 11508 --- [main] l.b.i.r.c.e.xml.dtos.auth072_IssrCSDs    : auth072 : Document->SttlmIntlrRpt->IssrCSD(XS)->TxTp->SctiesLndgOrBrrwg generiert.
2020-04-23 17:11:48.016 DEBUG 11508 --- [main] l.b.i.r.c.e.xml.dtos.auth072_IssrCSDs    : auth072 : Document->SttlmIntlrRpt->IssrCSD(XS)->TxTp->RpAgrmt generieren.
2020-04-23 17:11:48.017 DEBUG 11508 --- [main] l.b.i.r.c.e.xml.dtos.auth072_IssrCSDs    : auth072 : Document->SttlmIntlrRpt->IssrCSD(XS)->TxTp->RpAgrmt generiert.
2020-04-23 17:11:48.017 DEBUG 11508 --- [main] l.b.i.r.c.e.xml.dtos.auth072_IssrCSDs    : auth072 : Document->SttlmIntlrRpt->IssrCSD(XS)->TxTp->OthrTxs generieren.
2020-04-23 17:11:48.017 DEBUG 11508 --- [main] l.b.i.r.c.e.xml.dtos.auth072_IssrCSDs    : auth072 : Document->SttlmIntlrRpt->IssrCSD(XS)->TxTp->OthrTxs generiert.
2020-04-23 17:11:48.018 DEBUG 11508 --- [main] l.b.i.r.c.e.xml.dtos.auth072_IssrCSDs    : auth072 : Document->SttlmIntlrRpt->IssrCSD(XS)->TxTp generiert.
2020-04-23 17:11:48.019 DEBUG 11508 --- [main] l.b.i.r.c.e.xml.dtos.auth072_IssrCSDs    : auth072 : Document->SttlmIntlrRpt->IssrCSD(XS)->ClntTp generieren.
2020-04-23 17:11:48.019 DEBUG 11508 --- [main] l.b.i.r.c.e.xml.dtos.auth072_IssrCSDs    : auth072 : Document->SttlmIntlrRpt->IssrCSD(XS)->ClntTp->Prfssnl generieren
2020-04-23 17:11:48.019 DEBUG 11508 --- [main] l.b.i.r.c.e.xml.dtos.auth072_IssrCSDs    : auth072 : Document->SttlmIntlrRpt->IssrCSD(XS)->ClntTp->Prfssnl generiert
2020-04-23 17:11:48.020 DEBUG 11508 --- [main] l.b.i.r.c.e.xml.dtos.auth072_IssrCSDs    : auth072 : Document->SttlmIntlrRpt->IssrCSD(XS)->ClntTp->Rtl generieren
2020-04-23 17:11:48.020 DEBUG 11508 --- [main] l.b.i.r.c.e.xml.dtos.auth072_IssrCSDs    : auth072 : Document->SttlmIntlrRpt->IssrCSD(XS)->ClntTp->Rtl generiert
2020-04-23 17:11:48.020 DEBUG 11508 --- [main] l.b.i.r.c.e.xml.dtos.auth072_IssrCSDs    : auth072 : Document->SttlmIntlrRpt->IssrCSD(XS)->ClntTp generiert.
2020-04-23 17:11:48.021 DEBUG 11508 --- [main] l.b.i.r.c.e.xml.dtos.auth072_IssrCSDs    : auth072 : Document->SttlmIntlrRpt->IssrCSD(XS)->TtlCshTrf generieren.
2020-04-23 17:11:48.021 DEBUG 11508 --- [main] l.b.i.r.c.e.xml.dtos.auth072_IssrCSDs    : auth072 : Document->SttlmIntlrRpt->IssrCSD(XS)->TtlCshTrf generiert.
2020-04-23 17:11:48.023 DEBUG 11508 --- [main] l.b.i.r.c.e.xml.dtos.auth072_IssrCSDs    : auth072 : Document->SttlmIntlrRpt->IssrCSD(ZA)->FinInstrm generieren.
2020-04-23 17:11:48.024 DEBUG 11508 --- [main] l.b.i.r.c.e.xml.dtos.auth072_IssrCSDs    : auth072 : Document->SttlmIntlrRpt->IssrCSD(ZA)->FinInstrm->Eqty generieren.
2020-04-23 17:11:48.025 DEBUG 11508 --- [main] l.b.i.r.c.e.xml.dtos.auth072_IssrCSDs    : auth072 : Document->SttlmIntlrRpt->IssrCSD(ZA)->FinInstrm->Eqty generiert.
2020-04-23 17:11:48.025 DEBUG 11508 --- [main] l.b.i.r.c.e.xml.dtos.auth072_IssrCSDs    : auth072 : Document->SttlmIntlrRpt->IssrCSD(ZA)->FinInstrm->SvrgnDebt generieren.
2020-04-23 17:11:48.026 DEBUG 11508 --- [main] l.b.i.r.c.e.xml.dtos.auth072_IssrCSDs    : auth072 : Document->SttlmIntlrRpt->IssrCSD(ZA)->FinInstrm->SvrgnDebt generiert.
2020-04-23 17:11:48.027 DEBUG 11508 --- [main] l.b.i.r.c.e.xml.dtos.auth072_IssrCSDs    : auth072 : Document->SttlmIntlrRpt->IssrCSD(ZA)->FinInstrm->Bd generieren.
2020-04-23 17:11:48.028 DEBUG 11508 --- [main] l.b.i.r.c.e.xml.dtos.auth072_IssrCSDs    : auth072 : Document->SttlmIntlrRpt->IssrCSD(ZA)->FinInstrm->Bd generiert.
2020-04-23 17:11:48.028 DEBUG 11508 --- [main] l.b.i.r.c.e.xml.dtos.auth072_IssrCSDs    : auth072 : Document->SttlmIntlrRpt->IssrCSD(ZA)->FinInstrm->OthrTrfblScties generieren.
2020-04-23 17:11:48.029 DEBUG 11508 --- [main] l.b.i.r.c.e.xml.dtos.auth072_IssrCSDs    : auth072 : Document->SttlmIntlrRpt->IssrCSD(ZA)->FinInstrm->OthrTrfblScties generiert.
2020-04-23 17:11:48.030 DEBUG 11508 --- [main] l.b.i.r.c.e.xml.dtos.auth072_IssrCSDs    : auth072 : Document->SttlmIntlrRpt->IssrCSD(ZA)->FinInstrm->XchgTradgFnds generieren.
2020-04-23 17:11:48.031 DEBUG 11508 --- [main] l.b.i.r.c.e.xml.dtos.auth072_IssrCSDs    : auth072 : Document->SttlmIntlrRpt->IssrCSD(ZA)->FinInstrm->XchgTradgFnds generiert.
2020-04-23 17:11:48.032 DEBUG 11508 --- [main] l.b.i.r.c.e.xml.dtos.auth072_IssrCSDs    : auth072 : Document->SttlmIntlrRpt->IssrCSD(ZA)->FinInstrm->CllctvInvstmtUdrtkgs generieren.
2020-04-23 17:11:48.032 DEBUG 11508 --- [main] l.b.i.r.c.e.xml.dtos.auth072_IssrCSDs    : auth072 : Document->SttlmIntlrRpt->IssrCSD(ZA)->FinInstrm->CllctvInvstmtUdrtkgs generiert.
2020-04-23 17:11:48.033 DEBUG 11508 --- [main] l.b.i.r.c.e.xml.dtos.auth072_IssrCSDs    : auth072 : Document->SttlmIntlrRpt->IssrCSD(ZA)->FinInstrm->MnyMktInstrm generieren.
2020-04-23 17:11:48.033 DEBUG 11508 --- [main] l.b.i.r.c.e.xml.dtos.auth072_IssrCSDs    : auth072 : Document->SttlmIntlrRpt->IssrCSD(ZA)->FinInstrm->MnyMktInstrm generiert.
2020-04-23 17:11:48.036 DEBUG 11508 --- [main] l.b.i.r.c.e.xml.dtos.auth072_IssrCSDs    : auth072 : Document->SttlmIntlrRpt->IssrCSD(ZA)->FinInstrm->EmssnAllwnc generieren.
2020-04-23 17:11:48.037 DEBUG 11508 --- [main] l.b.i.r.c.e.xml.dtos.auth072_IssrCSDs    : auth072 : Document->SttlmIntlrRpt->IssrCSD(ZA)->FinInstrm->EmssnAllwnc generiert.
2020-04-23 17:11:48.037 DEBUG 11508 --- [main] l.b.i.r.c.e.xml.dtos.auth072_IssrCSDs    : auth072 : Document->SttlmIntlrRpt->IssrCSD(ZA)->FinInstrm->OthrFinInstrms generieren.
2020-04-23 17:11:48.038 DEBUG 11508 --- [main] l.b.i.r.c.e.xml.dtos.auth072_IssrCSDs    : auth072 : Document->SttlmIntlrRpt->IssrCSD(ZA)->FinInstrm->OthrFinInstrms generiert.
2020-04-23 17:11:48.038 DEBUG 11508 --- [main] l.b.i.r.c.e.xml.dtos.auth072_IssrCSDs    : auth072 : Document->SttlmIntlrRpt->IssrCSD(ZA)->FinInstrm generiert.
2020-04-23 17:11:48.039 DEBUG 11508 --- [main] l.b.i.r.c.e.xml.dtos.auth072_IssrCSDs    : auth072 : Document->SttlmIntlrRpt->IssrCSD(ZA)->TxTp generieren.
2020-04-23 17:11:48.040 DEBUG 11508 --- [main] l.b.i.r.c.e.xml.dtos.auth072_IssrCSDs    : auth072 : Document->SttlmIntlrRpt->IssrCSD(ZA)->TxTp->SctiesBuyOrSell generieren.
2020-04-23 17:11:48.041 DEBUG 11508 --- [main] l.b.i.r.c.e.xml.dtos.auth072_IssrCSDs    : auth072 : Document->SttlmIntlrRpt->IssrCSD(ZA)->TxTp->SctiesBuyOrSell generiert.
2020-04-23 17:11:48.041 DEBUG 11508 --- [main] l.b.i.r.c.e.xml.dtos.auth072_IssrCSDs    : auth072 : Document->SttlmIntlrRpt->IssrCSD(ZA)->TxTp->CollMgmtOpr generieren.
2020-04-23 17:11:48.041 DEBUG 11508 --- [main] l.b.i.r.c.e.xml.dtos.auth072_IssrCSDs    : auth072 : Document->SttlmIntlrRpt->IssrCSD(ZA)->TxTp->CollMgmtOpr generiert.
2020-04-23 17:11:48.043 DEBUG 11508 --- [main] l.b.i.r.c.e.xml.dtos.auth072_IssrCSDs    : auth072 : Document->SttlmIntlrRpt->IssrCSD(ZA)->TxTp->SctiesLndgOrBrrwg generieren.
2020-04-23 17:11:48.043 DEBUG 11508 --- [main] l.b.i.r.c.e.xml.dtos.auth072_IssrCSDs    : auth072 : Document->SttlmIntlrRpt->IssrCSD(ZA)->TxTp->SctiesLndgOrBrrwg generiert.
2020-04-23 17:11:48.043 DEBUG 11508 --- [main] l.b.i.r.c.e.xml.dtos.auth072_IssrCSDs    : auth072 : Document->SttlmIntlrRpt->IssrCSD(ZA)->TxTp->RpAgrmt generieren.
2020-04-23 17:11:48.044 DEBUG 11508 --- [main] l.b.i.r.c.e.xml.dtos.auth072_IssrCSDs    : auth072 : Document->SttlmIntlrRpt->IssrCSD(ZA)->TxTp->RpAgrmt generiert.
2020-04-23 17:11:48.045 DEBUG 11508 --- [main] l.b.i.r.c.e.xml.dtos.auth072_IssrCSDs    : auth072 : Document->SttlmIntlrRpt->IssrCSD(ZA)->TxTp->OthrTxs generieren.
2020-04-23 17:11:48.045 DEBUG 11508 --- [main] l.b.i.r.c.e.xml.dtos.auth072_IssrCSDs    : auth072 : Document->SttlmIntlrRpt->IssrCSD(ZA)->TxTp->OthrTxs generiert.
2020-04-23 17:11:48.045 DEBUG 11508 --- [main] l.b.i.r.c.e.xml.dtos.auth072_IssrCSDs    : auth072 : Document->SttlmIntlrRpt->IssrCSD(ZA)->TxTp generiert.
2020-04-23 17:11:48.046 DEBUG 11508 --- [main] l.b.i.r.c.e.xml.dtos.auth072_IssrCSDs    : auth072 : Document->SttlmIntlrRpt->IssrCSD(ZA)->ClntTp generieren.
2020-04-23 17:11:48.047 DEBUG 11508 --- [main] l.b.i.r.c.e.xml.dtos.auth072_IssrCSDs    : auth072 : Document->SttlmIntlrRpt->IssrCSD(ZA)->ClntTp->Prfssnl generieren
2020-04-23 17:11:48.047 DEBUG 11508 --- [main] l.b.i.r.c.e.xml.dtos.auth072_IssrCSDs    : auth072 : Document->SttlmIntlrRpt->IssrCSD(ZA)->ClntTp->Prfssnl generiert
2020-04-23 17:11:48.047 DEBUG 11508 --- [main] l.b.i.r.c.e.xml.dtos.auth072_IssrCSDs    : auth072 : Document->SttlmIntlrRpt->IssrCSD(ZA)->ClntTp->Rtl generieren
2020-04-23 17:11:48.048 DEBUG 11508 --- [main] l.b.i.r.c.e.xml.dtos.auth072_IssrCSDs    : auth072 : Document->SttlmIntlrRpt->IssrCSD(ZA)->ClntTp->Rtl generiert
2020-04-23 17:11:48.048 DEBUG 11508 --- [main] l.b.i.r.c.e.xml.dtos.auth072_IssrCSDs    : auth072 : Document->SttlmIntlrRpt->IssrCSD(ZA)->ClntTp generiert.
2020-04-23 17:11:48.048 DEBUG 11508 --- [main] l.b.i.r.c.e.xml.dtos.auth072_IssrCSDs    : auth072 : Document->SttlmIntlrRpt->IssrCSD(ZA)->TtlCshTrf generieren.
2020-04-23 17:11:48.049 DEBUG 11508 --- [main] l.b.i.r.c.e.xml.dtos.auth072_IssrCSDs    : auth072 : Document->SttlmIntlrRpt->IssrCSD(ZA)->TtlCshTrf generiert.
2020-04-23 17:11:48.428  INFO 11508 --- [SpringContextShutdownHook] j.LocalContainerEntityManagerFactoryBean : Closing JPA EntityManagerFactory for persistence unit 'default'
2020-04-23 17:11:48.430  INFO 11508 --- [SpringContextShutdownHook] .SchemaDropperImpl$DelayedDropActionImpl : HHH000477: Starting delayed evictData of schema as part of SessionFactory shut-down'
2020-04-23 17:11:48.441  INFO 11508 --- [SpringContextShutdownHook] com.zaxxer.hikari.HikariDataSource       : HikariPool-1 - Shutdown initiated...
2020-04-23 17:11:48.446  INFO 11508 --- [SpringContextShutdownHook] com.zaxxer.hikari.HikariDataSource       : HikariPool-1 - Shutdown completed.
